2021-01-16 14:25:49 | *****************************
2021-01-16 14:25:49 | ***** INIT NEW DATA GEN *****
2021-01-16 14:25:49 | *****************************
2021-01-16 14:25:49 | start file n. 1
2021-01-16 14:25:49 | start file n. 19
2021-01-16 14:25:49 | start file n. 37
2021-01-16 14:25:49 | start file n. 55
2021-01-16 14:25:49 | start file n. 73
2021-01-16 14:28:43 | done file n. 73: 01_Funk1-114-Ab_comp, 544 frames
2021-01-16 14:28:43 | start file n. 74
2021-01-16 14:30:18 | done file n. 1: 00_BN1-129-Eb_comp, 481 frames
2021-01-16 14:30:19 | start file n. 2
2021-01-16 14:31:21 | done file n. 74: 01_Funk1-114-Ab_solo, 544 frames
2021-01-16 14:31:21 | start file n. 75
2021-01-16 14:33:25 | done file n. 2: 00_BN1-129-Eb_solo, 481 frames
2021-01-16 14:33:25 | start file n. 3
2021-01-16 14:33:50 | done file n. 37: 00_Rock1-130-A_comp, 477 frames
2021-01-16 14:33:50 | start file n. 38
2021-01-16 14:35:46 | done file n. 75: 01_Funk1-97-C_comp, 640 frames
2021-01-16 14:35:46 | start file n. 76
2021-01-16 14:36:23 | done file n. 38: 00_Rock1-130-A_solo, 477 frames
2021-01-16 14:36:23 | start file n. 39
2021-01-16 14:37:02 | done file n. 3: 00_BN1-147-Gb_comp, 422 frames
2021-01-16 14:37:02 | start file n. 4
2021-01-16 14:38:18 | done file n. 76: 01_Funk1-97-C_solo, 640 frames
2021-01-16 14:38:18 | start file n. 77
2021-01-16 14:39:00 | done file n. 4: 00_BN1-147-Gb_solo, 422 frames
2021-01-16 14:39:00 | start file n. 5
2021-01-16 14:40:36 | done file n. 19: 00_Funk2-119-G_comp, 695 frames
2021-01-16 14:40:36 | start file n. 20
2021-01-16 14:43:25 | done file n. 55: 00_SS2-88-F_comp, 940 frames
2021-01-16 14:43:25 | start file n. 56
2021-01-16 14:43:47 | done file n. 77: 01_Funk2-108-Eb_comp, 766 frames
2021-01-16 14:43:47 | start file n. 78
2021-01-16 14:45:05 | done file n. 5: 00_BN2-131-B_comp, 632 frames
2021-01-16 14:45:05 | start file n. 6
2021-01-16 14:45:11 | done file n. 20: 00_Funk2-119-G_solo, 695 frames
2021-01-16 14:45:11 | start file n. 21
2021-01-16 14:47:42 | done file n. 78: 01_Funk2-108-Eb_solo, 766 frames
2021-01-16 14:47:42 | start file n. 79
2021-01-16 14:48:13 | done file n. 6: 00_BN2-131-B_solo, 632 frames
2021-01-16 14:48:13 | start file n. 7
2021-01-16 14:50:31 | done file n. 56: 00_SS2-88-F_solo, 940 frames
2021-01-16 14:50:31 | start file n. 57
2021-01-16 14:52:00 | done file n. 79: 01_Funk2-119-G_comp, 695 frames
2021-01-16 14:52:00 | start file n. 80
2021-01-16 14:52:22 | done file n. 7: 00_BN2-166-Ab_comp, 499 frames
2021-01-16 14:52:22 | start file n. 8
2021-01-16 14:54:25 | done file n. 8: 00_BN2-166-Ab_solo, 499 frames
2021-01-16 14:54:25 | start file n. 9
2021-01-16 14:54:56 | done file n. 80: 01_Funk2-119-G_solo, 695 frames
2021-01-16 14:54:56 | start file n. 81
2021-01-16 14:57:16 | done file n. 39: 00_Rock1-90-C#_comp, 690 frames
2021-01-16 14:57:16 | start file n. 40
2021-01-16 15:00:42 | done file n. 21: 00_Funk3-112-C#_comp, 739 frames
2021-01-16 15:00:42 | start file n. 22
2021-01-16 15:02:10 | done file n. 9: 00_BN3-119-G_comp, 695 frames
2021-01-16 15:02:10 | start file n. 10
2021-01-16 15:03:24 | done file n. 40: 00_Rock1-90-C#_solo, 690 frames
2021-01-16 15:03:24 | start file n. 41
2021-01-16 15:03:35 | done file n. 81: 01_Funk3-112-C#_comp, 739 frames
2021-01-16 15:03:35 | start file n. 82
2021-01-16 15:05:37 | done file n. 22: 00_Funk3-112-C#_solo, 739 frames
2021-01-16 15:05:37 | start file n. 23
2021-01-16 15:07:12 | done file n. 57: 00_SS3-84-Bb_comp, 985 frames
2021-01-16 15:07:12 | start file n. 58
2021-01-16 15:07:34 | done file n. 82: 01_Funk3-112-C#_solo, 739 frames
2021-01-16 15:07:34 | start file n. 83
2021-01-16 15:09:08 | done file n. 10: 00_BN3-119-G_solo, 695 frames
2021-01-16 15:09:08 | start file n. 11
2021-01-16 15:13:50 | done file n. 11: 00_BN3-154-E_comp, 537 frames
2021-01-16 15:13:50 | start file n. 12
2021-01-16 15:14:58 | done file n. 83: 01_Funk3-98-A_comp, 844 frames
2021-01-16 15:14:58 | start file n. 84
2021-01-16 15:14:59 | done file n. 58: 00_SS3-84-Bb_solo, 985 frames
2021-01-16 15:14:59 | start file n. 59
2021-01-16 15:16:33 | done file n. 41: 00_Rock2-142-D_comp, 583 frames
2021-01-16 15:16:33 | start file n. 42
2021-01-16 15:17:02 | done file n. 12: 00_BN3-154-E_solo, 537 frames
2021-01-16 15:17:02 | start file n. 13
2021-01-16 15:19:41 | done file n. 42: 00_Rock2-142-D_solo, 583 frames
2021-01-16 15:19:41 | start file n. 43
2021-01-16 15:19:44 | done file n. 84: 01_Funk3-98-A_solo, 844 frames
2021-01-16 15:19:44 | start file n. 85
2021-01-16 15:22:22 | done file n. 13: 00_Funk1-114-Ab_comp, 544 frames
2021-01-16 15:22:22 | start file n. 14
2021-01-16 15:22:30 | done file n. 23: 00_Funk3-98-A_comp, 844 frames
2021-01-16 15:22:30 | start file n. 24
2021-01-16 15:22:55 | done file n. 85: 01_Jazz1-130-D_comp, 477 frames
2021-01-16 15:22:55 | start file n. 86
2021-01-16 15:24:50 | done file n. 86: 01_Jazz1-130-D_solo, 477 frames
2021-01-16 15:24:50 | start file n. 87
2021-01-16 15:25:10 | done file n. 14: 00_Funk1-114-Ab_solo, 544 frames
2021-01-16 15:25:10 | start file n. 15
2021-01-16 15:26:31 | done file n. 87: 01_Jazz1-200-B_comp, 311 frames
2021-01-16 15:26:31 | start file n. 88
2021-01-16 15:27:33 | done file n. 88: 01_Jazz1-200-B_solo, 311 frames
2021-01-16 15:27:33 | start file n. 89
2021-01-16 15:29:20 | done file n. 24: 00_Funk3-98-A_solo, 844 frames
2021-01-16 15:29:20 | start file n. 25
2021-01-16 15:31:59 | done file n. 59: 00_SS3-98-C_comp, 844 frames
2021-01-16 15:31:59 | start file n. 60
2021-01-16 15:33:24 | done file n. 15: 00_Funk1-97-C_comp, 640 frames
2021-01-16 15:33:24 | start file n. 16
2021-01-16 15:35:08 | done file n. 25: 00_Jazz1-130-D_comp, 477 frames
2021-01-16 15:35:08 | start file n. 26
2021-01-16 15:35:59 | done file n. 89: 01_Jazz2-110-Bb_comp, 752 frames
2021-01-16 15:35:59 | start file n. 90
2021-01-16 15:37:09 | done file n. 26: 00_Jazz1-130-D_solo, 477 frames
2021-01-16 15:37:09 | start file n. 27
2021-01-16 15:37:52 | done file n. 16: 00_Funk1-97-C_solo, 640 frames
2021-01-16 15:37:52 | start file n. 17
2021-01-16 15:39:04 | done file n. 27: 00_Jazz1-200-B_comp, 311 frames
2021-01-16 15:39:04 | start file n. 28
2021-01-16 15:39:55 | done file n. 90: 01_Jazz2-110-Bb_solo, 752 frames
2021-01-16 15:39:55 | start file n. 91
2021-01-16 15:40:22 | done file n. 28: 00_Jazz1-200-B_solo, 311 frames
2021-01-16 15:40:22 | start file n. 29
2021-01-16 15:41:21 | done file n. 60: 00_SS3-98-C_solo, 844 frames
2021-01-16 15:41:21 | start file n. 61
2021-01-16 15:42:10 | done file n. 91: 01_Jazz2-187-F#_comp, 443 frames
2021-01-16 15:42:10 | start file n. 92
2021-01-16 15:44:08 | done file n. 92: 01_Jazz2-187-F#_solo, 443 frames
2021-01-16 15:44:08 | start file n. 93
2021-01-16 15:44:37 | done file n. 61: 01_BN1-129-Eb_comp, 481 frames
2021-01-16 15:44:37 | start file n. 62
2021-01-16 15:46:18 | done file n. 62: 01_BN1-129-Eb_solo, 481 frames
2021-01-16 15:46:18 | start file n. 63
2021-01-16 15:49:09 | done file n. 93: 01_Jazz3-137-Eb_comp, 604 frames
2021-01-16 15:49:09 | start file n. 94
2021-01-16 15:49:51 | done file n. 63: 01_BN1-147-Gb_comp, 422 frames
2021-01-16 15:49:51 | start file n. 64
2021-01-16 15:51:36 | done file n. 64: 01_BN1-147-Gb_solo, 422 frames
2021-01-16 15:51:36 | start file n. 65
2021-01-16 15:52:34 | done file n. 29: 00_Jazz2-110-Bb_comp, 752 frames
2021-01-16 15:52:34 | start file n. 30
2021-01-16 15:52:40 | done file n. 94: 01_Jazz3-137-Eb_solo, 604 frames
2021-01-16 15:52:40 | start file n. 95
2021-01-16 15:54:00 | done file n. 17: 00_Funk2-108-Eb_comp, 766 frames
2021-01-16 15:54:00 | start file n. 18
2021-01-16 15:55:40 | done file n. 95: 01_Jazz3-150-C_comp, 552 frames
2021-01-16 15:55:40 | start file n. 96
2021-01-16 15:57:34 | done file n. 30: 00_Jazz2-110-Bb_solo, 752 frames
2021-01-16 15:57:34 | start file n. 31
2021-01-16 15:57:59 | done file n. 65: 01_BN2-131-B_comp, 632 frames
2021-01-16 15:57:59 | start file n. 66
2021-01-16 15:58:09 | done file n. 96: 01_Jazz3-150-C_solo, 552 frames
2021-01-16 15:58:09 | start file n. 97
2021-01-16 15:58:36 | done file n. 18: 00_Funk2-108-Eb_solo, 766 frames
2021-01-16 15:58:36 | start file n. 109
2021-01-16 16:01:06 | done file n. 31: 00_Jazz2-187-F#_comp, 443 frames
2021-01-16 16:01:06 | start file n. 32
2021-01-16 16:01:25 | done file n. 66: 01_BN2-131-B_solo, 632 frames
2021-01-16 16:01:25 | start file n. 67
2021-01-16 16:02:25 | done file n. 97: 01_Rock1-130-A_comp, 477 frames
2021-01-16 16:02:25 | start file n. 98
2021-01-16 16:03:50 | done file n. 32: 00_Jazz2-187-F#_solo, 443 frames
2021-01-16 16:03:50 | start file n. 33
2021-01-16 16:04:18 | done file n. 98: 01_Rock1-130-A_solo, 477 frames
2021-01-16 16:04:18 | start file n. 99
2021-01-16 16:06:28 | done file n. 43: 00_Rock2-85-F_comp, 973 frames
2021-01-16 16:06:28 | start file n. 44
2021-01-16 16:06:36 | done file n. 67: 01_BN2-166-Ab_comp, 499 frames
2021-01-16 16:06:36 | start file n. 68
2021-01-16 16:06:45 | done file n. 109: 01_SS1-100-C#_comp, 621 frames
2021-01-16 16:06:45 | start file n. 110
2021-01-16 16:08:55 | done file n. 68: 01_BN2-166-Ab_solo, 499 frames
2021-01-16 16:08:55 | start file n. 69
2021-01-16 16:09:11 | done file n. 110: 01_SS1-100-C#_solo, 621 frames
2021-01-16 16:09:11 | start file n. 111
2021-01-16 16:12:08 | done file n. 33: 00_Jazz3-137-Eb_comp, 604 frames
2021-01-16 16:12:08 | start file n. 34
2021-01-16 16:14:22 | done file n. 69: 01_BN3-119-G_comp, 695 frames
2021-01-16 16:14:22 | start file n. 70
2021-01-16 16:15:21 | done file n. 99: 01_Rock1-90-C#_comp, 690 frames
2021-01-16 16:15:21 | start file n. 100
2021-01-16 16:16:09 | done file n. 44: 00_Rock2-85-F_solo, 973 frames
2021-01-16 16:16:09 | start file n. 45
2021-01-16 16:17:34 | done file n. 34: 00_Jazz3-137-Eb_solo, 604 frames
2021-01-16 16:17:34 | start file n. 35
2021-01-16 16:18:01 | done file n. 70: 01_BN3-119-G_solo, 695 frames
2021-01-16 16:18:01 | start file n. 71
2021-01-16 16:19:09 | done file n. 100: 01_Rock1-90-C#_solo, 690 frames
2021-01-16 16:19:09 | start file n. 101
2021-01-16 16:22:23 | done file n. 71: 01_BN3-154-E_comp, 537 frames
2021-01-16 16:22:23 | start file n. 72
2021-01-16 16:24:12 | done file n. 35: 00_Jazz3-150-C_comp, 552 frames
2021-01-16 16:24:12 | start file n. 36
2021-01-16 16:25:07 | done file n. 72: 01_BN3-154-E_solo, 537 frames
2021-01-16 16:25:07 | start file n. 127
2021-01-16 16:26:28 | done file n. 101: 01_Rock2-142-D_comp, 583 frames
2021-01-16 16:26:28 | start file n. 102
2021-01-16 16:29:05 | done file n. 36: 00_Jazz3-150-C_solo, 552 frames
2021-01-16 16:29:05 | start file n. 145
2021-01-16 16:29:30 | done file n. 102: 01_Rock2-142-D_solo, 583 frames
2021-01-16 16:29:30 | start file n. 103
2021-01-16 16:29:37 | done file n. 127: 02_BN2-166-Ab_comp, 499 frames
2021-01-16 16:29:37 | start file n. 128
2021-01-16 16:31:15 | done file n. 111: 01_SS1-68-E_comp, 912 frames
2021-01-16 16:31:15 | start file n. 112
2021-01-16 16:31:39 | done file n. 128: 02_BN2-166-Ab_solo, 499 frames
2021-01-16 16:31:39 | start file n. 129
2021-01-16 16:33:44 | done file n. 145: 02_Jazz1-130-D_comp, 477 frames
2021-01-16 16:33:44 | start file n. 146
2021-01-16 16:35:53 | done file n. 112: 01_SS1-68-E_solo, 912 frames
2021-01-16 16:35:53 | start file n. 113
2021-01-16 16:36:42 | done file n. 45: 00_Rock3-117-Bb_comp, 707 frames
2021-01-16 16:36:42 | start file n. 46
2021-01-16 16:36:49 | done file n. 146: 02_Jazz1-130-D_solo, 477 frames
2021-01-16 16:36:49 | start file n. 147
2021-01-16 16:39:06 | done file n. 147: 02_Jazz1-200-B_comp, 311 frames
2021-01-16 16:39:06 | start file n. 148
2021-01-16 16:40:02 | done file n. 148: 02_Jazz1-200-B_solo, 311 frames
2021-01-16 16:40:02 | start file n. 149
2021-01-16 16:41:00 | done file n. 113: 01_SS2-107-Ab_comp, 773 frames
2021-01-16 16:41:00 | start file n. 114
2021-01-16 16:41:51 | done file n. 129: 02_BN3-119-G_comp, 695 frames
2021-01-16 16:41:51 | start file n. 130
2021-01-16 16:42:51 | done file n. 46: 00_Rock3-117-Bb_solo, 707 frames
2021-01-16 16:42:51 | start file n. 47
2021-01-16 16:45:29 | done file n. 130: 02_BN3-119-G_solo, 695 frames
2021-01-16 16:45:29 | start file n. 131
2021-01-16 16:46:05 | done file n. 114: 01_SS2-107-Ab_solo, 773 frames
2021-01-16 16:46:05 | start file n. 115
2021-01-16 16:48:24 | done file n. 103: 01_Rock2-85-F_comp, 973 frames
2021-01-16 16:48:24 | start file n. 104
2021-01-16 16:51:15 | done file n. 131: 02_BN3-154-E_comp, 537 frames
2021-01-16 16:51:15 | start file n. 132
2021-01-16 16:51:43 | done file n. 149: 02_Jazz2-110-Bb_comp, 752 frames
2021-01-16 16:51:43 | start file n. 150
2021-01-16 16:53:26 | done file n. 132: 02_BN3-154-E_solo, 537 frames
2021-01-16 16:53:26 | start file n. 133
2021-01-16 16:55:08 | done file n. 104: 01_Rock2-85-F_solo, 973 frames
2021-01-16 16:55:08 | start file n. 105
2021-01-16 16:56:29 | done file n. 150: 02_Jazz2-110-Bb_solo, 752 frames
2021-01-16 16:56:29 | start file n. 151
2021-01-16 16:57:37 | done file n. 133: 02_Funk1-114-Ab_comp, 544 frames
2021-01-16 16:57:37 | start file n. 134
2021-01-16 16:58:59 | done file n. 115: 01_SS2-88-F_comp, 940 frames
2021-01-16 16:58:59 | start file n. 116
2021-01-16 16:59:42 | done file n. 151: 02_Jazz2-187-F#_comp, 443 frames
2021-01-16 16:59:42 | start file n. 152
2021-01-16 16:59:44 | done file n. 47: 00_Rock3-148-C_comp, 559 frames
2021-01-16 16:59:44 | start file n. 48
2021-01-16 16:59:51 | done file n. 134: 02_Funk1-114-Ab_solo, 544 frames
2021-01-16 16:59:51 | start file n. 135
2021-01-16 17:01:19 | done file n. 152: 02_Jazz2-187-F#_solo, 443 frames
2021-01-16 17:01:19 | start file n. 153
2021-01-16 17:03:15 | done file n. 48: 00_Rock3-148-C_solo, 559 frames
2021-01-16 17:03:15 | start file n. 49
2021-01-16 17:04:34 | done file n. 135: 02_Funk1-97-C_comp, 640 frames
2021-01-16 17:04:34 | start file n. 136
2021-01-16 17:05:26 | done file n. 116: 01_SS2-88-F_solo, 940 frames
2021-01-16 17:05:26 | start file n. 117
2021-01-16 17:05:57 | done file n. 105: 01_Rock3-117-Bb_comp, 707 frames
2021-01-16 17:05:57 | start file n. 106
2021-01-16 17:07:31 | done file n. 153: 02_Jazz3-137-Eb_comp, 604 frames
2021-01-16 17:07:31 | start file n. 154
2021-01-16 17:07:41 | done file n. 136: 02_Funk1-97-C_solo, 640 frames
2021-01-16 17:07:41 | start file n. 137
2021-01-16 17:09:29 | done file n. 106: 01_Rock3-117-Bb_solo, 707 frames
2021-01-16 17:09:29 | start file n. 107
2021-01-16 17:10:10 | done file n. 154: 02_Jazz3-137-Eb_solo, 604 frames
2021-01-16 17:10:10 | start file n. 155
2021-01-16 17:11:25 | done file n. 49: 00_SS1-100-C#_comp, 621 frames
2021-01-16 17:11:25 | start file n. 50
2021-01-16 17:12:51 | done file n. 107: 01_Rock3-148-C_comp, 559 frames
2021-01-16 17:12:51 | start file n. 108
2021-01-16 17:14:53 | done file n. 137: 02_Funk2-108-Eb_comp, 766 frames
2021-01-16 17:14:53 | start file n. 138
2021-01-16 17:14:54 | done file n. 50: 00_SS1-100-C#_solo, 621 frames
2021-01-16 17:14:54 | start file n. 51
2021-01-16 17:15:14 | done file n. 108: 01_Rock3-148-C_solo, 559 frames
2021-01-16 17:15:14 | start file n. 163
2021-01-16 17:17:22 | done file n. 155: 02_Jazz3-150-C_comp, 552 frames
2021-01-16 17:17:22 | start file n. 156
2021-01-16 17:18:30 | done file n. 138: 02_Funk2-108-Eb_solo, 766 frames
2021-01-16 17:18:30 | start file n. 139
2021-01-16 17:19:37 | done file n. 156: 02_Jazz3-150-C_solo, 552 frames
2021-01-16 17:19:37 | start file n. 157
2021-01-16 17:24:03 | done file n. 139: 02_Funk2-119-G_comp, 695 frames
2021-01-16 17:24:03 | start file n. 140
2021-01-16 17:24:24 | done file n. 157: 02_Rock1-130-A_comp, 477 frames
2021-01-16 17:24:24 | start file n. 158
2021-01-16 17:26:27 | done file n. 158: 02_Rock1-130-A_solo, 477 frames
2021-01-16 17:26:27 | start file n. 159
2021-01-16 17:26:28 | done file n. 117: 01_SS3-84-Bb_comp, 985 frames
2021-01-16 17:26:28 | start file n. 118
2021-01-16 17:27:15 | done file n. 140: 02_Funk2-119-G_solo, 695 frames
2021-01-16 17:27:15 | start file n. 141
2021-01-16 17:30:37 | done file n. 163: 02_Rock2-85-F_comp, 973 frames
2021-01-16 17:30:37 | start file n. 164
2021-01-16 17:32:32 | done file n. 51: 00_SS1-68-E_comp, 912 frames
2021-01-16 17:32:32 | start file n. 52
2021-01-16 17:32:47 | done file n. 141: 02_Funk3-112-C#_comp, 739 frames
2021-01-16 17:32:47 | start file n. 142
2021-01-16 17:33:08 | done file n. 118: 01_SS3-84-Bb_solo, 985 frames
2021-01-16 17:33:08 | start file n. 119
2021-01-16 17:33:12 | done file n. 159: 02_Rock1-90-C#_comp, 690 frames
2021-01-16 17:33:12 | start file n. 160
2021-01-16 17:37:09 | done file n. 164: 02_Rock2-85-F_solo, 973 frames
2021-01-16 17:37:09 | start file n. 165
2021-01-16 17:37:11 | done file n. 160: 02_Rock1-90-C#_solo, 690 frames
2021-01-16 17:37:11 | start file n. 161
2021-01-16 17:38:19 | done file n. 142: 02_Funk3-112-C#_solo, 739 frames
2021-01-16 17:38:19 | start file n. 143
2021-01-16 17:42:22 | done file n. 161: 02_Rock2-142-D_comp, 583 frames
2021-01-16 17:42:22 | start file n. 162
2021-01-16 17:43:29 | done file n. 52: 00_SS1-68-E_solo, 912 frames
2021-01-16 17:43:29 | start file n. 53
2021-01-16 17:45:10 | done file n. 162: 02_Rock2-142-D_solo, 583 frames
2021-01-16 17:45:10 | start file n. 181
2021-01-16 17:45:22 | done file n. 165: 02_Rock3-117-Bb_comp, 707 frames
2021-01-16 17:45:22 | start file n. 166
2021-01-16 17:46:08 | done file n. 143: 02_Funk3-98-A_comp, 844 frames
2021-01-16 17:46:08 | start file n. 144
2021-01-16 17:48:44 | done file n. 181: 03_BN1-129-Eb_comp, 481 frames
2021-01-16 17:48:44 | start file n. 182
2021-01-16 17:49:04 | done file n. 166: 02_Rock3-117-Bb_solo, 707 frames
2021-01-16 17:49:04 | start file n. 167
2021-01-16 17:50:30 | done file n. 182: 03_BN1-129-Eb_solo, 481 frames
2021-01-16 17:50:30 | start file n. 183
2021-01-16 17:50:58 | done file n. 144: 02_Funk3-98-A_solo, 844 frames
2021-01-16 17:50:58 | start file n. 199
2021-01-16 17:53:20 | done file n. 183: 03_BN1-147-Gb_comp, 422 frames
2021-01-16 17:53:20 | start file n. 184
2021-01-16 17:54:50 | done file n. 184: 03_BN1-147-Gb_solo, 422 frames
2021-01-16 17:54:50 | start file n. 185
2021-01-16 17:55:05 | done file n. 53: 00_SS2-107-Ab_comp, 773 frames
2021-01-16 17:55:05 | start file n. 54
2021-01-16 17:57:17 | done file n. 199: 03_Funk2-119-G_comp, 695 frames
2021-01-16 17:57:17 | start file n. 200
2021-01-16 17:57:56 | done file n. 167: 02_Rock3-148-C_comp, 559 frames
2021-01-16 17:57:56 | start file n. 168
2021-01-16 17:58:31 | done file n. 119: 01_SS3-98-C_comp, 844 frames
2021-01-16 17:58:31 | start file n. 120
2021-01-16 18:00:00 | done file n. 185: 03_BN2-131-B_comp, 632 frames
2021-01-16 18:00:00 | start file n. 186
2021-01-16 18:00:14 | done file n. 200: 03_Funk2-119-G_solo, 695 frames
2021-01-16 18:00:14 | start file n. 201
2021-01-16 18:00:20 | done file n. 168: 02_Rock3-148-C_solo, 559 frames
2021-01-16 18:00:20 | start file n. 169
2021-01-16 18:00:32 | done file n. 54: 00_SS2-107-Ab_solo, 773 frames
2021-01-16 18:00:32 | start file n. 217
2021-01-16 18:02:32 | done file n. 186: 03_BN2-131-B_solo, 632 frames
2021-01-16 18:02:32 | start file n. 187
2021-01-16 18:03:51 | done file n. 120: 01_SS3-98-C_solo, 844 frames
2021-01-16 18:03:51 | start file n. 121
2021-01-16 18:04:42 | done file n. 217: 03_Rock1-130-A_comp, 477 frames
2021-01-16 18:04:42 | start file n. 218
2021-01-16 18:05:43 | done file n. 201: 03_Funk3-112-C#_comp, 739 frames
2021-01-16 18:05:43 | start file n. 202
2021-01-16 18:06:01 | done file n. 187: 03_BN2-166-Ab_comp, 499 frames
2021-01-16 18:06:01 | start file n. 188
2021-01-16 18:06:15 | done file n. 218: 03_Rock1-130-A_solo, 477 frames
2021-01-16 18:06:15 | start file n. 219
2021-01-16 18:07:40 | done file n. 121: 02_BN1-129-Eb_comp, 481 frames
2021-01-16 18:07:40 | start file n. 122
2021-01-16 18:07:40 | done file n. 188: 03_BN2-166-Ab_solo, 499 frames
2021-01-16 18:07:40 | start file n. 189
2021-01-16 18:08:54 | done file n. 202: 03_Funk3-112-C#_solo, 739 frames
2021-01-16 18:08:54 | start file n. 203
2021-01-16 18:09:04 | done file n. 169: 02_SS1-100-C#_comp, 621 frames
2021-01-16 18:09:04 | start file n. 170
2021-01-16 18:09:24 | done file n. 122: 02_BN1-129-Eb_solo, 481 frames
2021-01-16 18:09:24 | start file n. 123
2021-01-16 18:11:57 | done file n. 170: 02_SS1-100-C#_solo, 621 frames
2021-01-16 18:11:57 | start file n. 171
2021-01-16 18:12:42 | done file n. 123: 02_BN1-147-Gb_comp, 422 frames
2021-01-16 18:12:42 | start file n. 124
2021-01-16 18:13:34 | done file n. 189: 03_BN3-119-G_comp, 695 frames
2021-01-16 18:13:34 | start file n. 190
2021-01-16 18:13:55 | done file n. 219: 03_Rock1-90-C#_comp, 690 frames
2021-01-16 18:13:55 | start file n. 220
2021-01-16 18:14:02 | done file n. 124: 02_BN1-147-Gb_solo, 422 frames
2021-01-16 18:14:02 | start file n. 125
2021-01-16 18:16:33 | done file n. 220: 03_Rock1-90-C#_solo, 690 frames
2021-01-16 18:16:33 | start file n. 221
2021-01-16 18:16:35 | done file n. 190: 03_BN3-119-G_solo, 695 frames
2021-01-16 18:16:35 | start file n. 191
2021-01-16 18:20:04 | done file n. 191: 03_BN3-154-E_comp, 537 frames
2021-01-16 18:20:04 | start file n. 192
2021-01-16 18:20:13 | done file n. 203: 03_Funk3-98-A_comp, 844 frames
2021-01-16 18:20:13 | start file n. 204
2021-01-16 18:21:47 | done file n. 192: 03_BN3-154-E_solo, 537 frames
2021-01-16 18:21:47 | start file n. 193
2021-01-16 18:21:47 | done file n. 125: 02_BN2-131-B_comp, 632 frames
2021-01-16 18:21:47 | start file n. 126
2021-01-16 18:23:16 | done file n. 221: 03_Rock2-142-D_comp, 583 frames
2021-01-16 18:23:16 | start file n. 222
2021-01-16 18:24:19 | done file n. 204: 03_Funk3-98-A_solo, 844 frames
2021-01-16 18:24:19 | start file n. 205
2021-01-16 18:24:43 | done file n. 126: 02_BN2-131-B_solo, 632 frames
2021-01-16 18:24:43 | start file n. 235
2021-01-16 18:25:00 | done file n. 171: 02_SS1-68-E_comp, 912 frames
2021-01-16 18:25:00 | start file n. 172
2021-01-16 18:25:30 | done file n. 222: 03_Rock2-142-D_solo, 583 frames
2021-01-16 18:25:30 | start file n. 223
2021-01-16 18:25:41 | done file n. 193: 03_Funk1-114-Ab_comp, 544 frames
2021-01-16 18:25:41 | start file n. 194
2021-01-16 18:26:45 | done file n. 205: 03_Jazz1-130-D_comp, 477 frames
2021-01-16 18:26:45 | start file n. 206
2021-01-16 18:27:30 | done file n. 194: 03_Funk1-114-Ab_solo, 544 frames
2021-01-16 18:27:30 | start file n. 195
2021-01-16 18:28:22 | done file n. 206: 03_Jazz1-130-D_solo, 477 frames
2021-01-16 18:28:22 | start file n. 207
2021-01-16 18:29:34 | done file n. 207: 03_Jazz1-200-B_comp, 311 frames
2021-01-16 18:29:34 | start file n. 208
2021-01-16 18:30:13 | done file n. 208: 03_Jazz1-200-B_solo, 311 frames
2021-01-16 18:30:13 | start file n. 209
2021-01-16 18:30:31 | done file n. 172: 02_SS1-68-E_solo, 912 frames
2021-01-16 18:30:31 | start file n. 173
2021-01-16 18:32:37 | done file n. 195: 03_Funk1-97-C_comp, 640 frames
2021-01-16 18:32:37 | start file n. 196
2021-01-16 18:35:00 | done file n. 196: 03_Funk1-97-C_solo, 640 frames
2021-01-16 18:35:00 | start file n. 197
2021-01-16 18:36:53 | done file n. 209: 03_Jazz2-110-Bb_comp, 752 frames
2021-01-16 18:36:53 | start file n. 210
2021-01-16 18:39:24 | done file n. 173: 02_SS2-107-Ab_comp, 773 frames
2021-01-16 18:39:24 | start file n. 174
2021-01-16 18:40:08 | done file n. 210: 03_Jazz2-110-Bb_solo, 752 frames
2021-01-16 18:40:08 | start file n. 211
2021-01-16 18:40:53 | done file n. 223: 03_Rock2-85-F_comp, 973 frames
2021-01-16 18:40:53 | start file n. 224
2021-01-16 18:42:43 | done file n. 211: 03_Jazz2-187-F#_comp, 443 frames
2021-01-16 18:42:43 | start file n. 212
2021-01-16 18:43:16 | done file n. 197: 03_Funk2-108-Eb_comp, 766 frames
2021-01-16 18:43:16 | start file n. 198
2021-01-16 18:43:32 | done file n. 174: 02_SS2-107-Ab_solo, 773 frames
2021-01-16 18:43:32 | start file n. 175
2021-01-16 18:44:03 | done file n. 235: 03_SS2-88-F_comp, 940 frames
2021-01-16 18:44:03 | start file n. 236
2021-01-16 18:44:07 | done file n. 212: 03_Jazz2-187-F#_solo, 443 frames
2021-01-16 18:44:07 | start file n. 213
2021-01-16 18:45:26 | done file n. 224: 03_Rock2-85-F_solo, 973 frames
2021-01-16 18:45:26 | start file n. 225
2021-01-16 18:46:43 | done file n. 198: 03_Funk2-108-Eb_solo, 766 frames
2021-01-16 18:46:43 | start file n. 253
2021-01-16 18:47:54 | done file n. 213: 03_Jazz3-137-Eb_comp, 604 frames
2021-01-16 18:47:54 | start file n. 214
2021-01-16 18:49:00 | done file n. 236: 03_SS2-88-F_solo, 940 frames
2021-01-16 18:49:00 | start file n. 237
2021-01-16 18:50:03 | done file n. 253: 04_Funk1-114-Ab_comp, 544 frames
2021-01-16 18:50:03 | start file n. 254
2021-01-16 18:50:23 | done file n. 214: 03_Jazz3-137-Eb_solo, 604 frames
2021-01-16 18:50:23 | start file n. 215
2021-01-16 18:51:49 | done file n. 254: 04_Funk1-114-Ab_solo, 544 frames
2021-01-16 18:51:49 | start file n. 255
2021-01-16 18:52:25 | done file n. 225: 03_Rock3-117-Bb_comp, 707 frames
2021-01-16 18:52:25 | start file n. 226
2021-01-16 18:53:15 | done file n. 215: 03_Jazz3-150-C_comp, 552 frames
2021-01-16 18:53:15 | start file n. 216
2021-01-16 18:53:50 | done file n. 255: 04_Funk1-97-C_comp, 640 frames
2021-01-16 18:53:50 | start file n. 256
2021-01-16 18:55:04 | done file n. 216: 03_Jazz3-150-C_solo, 552 frames
2021-01-16 18:55:04 | start file n. 271
2021-01-16 18:55:27 | done file n. 175: 02_SS2-88-F_comp, 940 frames
2021-01-16 18:55:27 | start file n. 176
2021-01-16 18:56:25 | done file n. 256: 04_Funk1-97-C_solo, 640 frames
2021-01-16 18:56:25 | start file n. 257
2021-01-16 18:56:32 | done file n. 226: 03_Rock3-117-Bb_solo, 707 frames
2021-01-16 18:56:32 | start file n. 227
2021-01-16 18:58:10 | done file n. 271: 04_Jazz2-187-F#_comp, 443 frames
2021-01-16 18:58:10 | start file n. 272
2021-01-16 18:59:45 | done file n. 272: 04_Jazz2-187-F#_solo, 443 frames
2021-01-16 18:59:45 | start file n. 273
2021-01-16 19:02:32 | done file n. 176: 02_SS2-88-F_solo, 940 frames
2021-01-16 19:02:32 | start file n. 177
2021-01-16 19:02:49 | done file n. 237: 03_SS3-84-Bb_comp, 985 frames
2021-01-16 19:02:49 | start file n. 238
2021-01-16 19:04:58 | done file n. 257: 04_Funk2-108-Eb_comp, 766 frames
2021-01-16 19:04:58 | start file n. 258
2021-01-16 19:05:05 | done file n. 227: 03_Rock3-148-C_comp, 559 frames
2021-01-16 19:05:05 | start file n. 228
2021-01-16 19:06:06 | done file n. 273: 04_Jazz3-137-Eb_comp, 604 frames
2021-01-16 19:06:06 | start file n. 274
2021-01-16 19:07:15 | done file n. 228: 03_Rock3-148-C_solo, 559 frames
2021-01-16 19:07:15 | start file n. 229
2021-01-16 19:08:45 | done file n. 238: 03_SS3-84-Bb_solo, 985 frames
2021-01-16 19:08:45 | start file n. 239
2021-01-16 19:09:13 | done file n. 274: 04_Jazz3-137-Eb_solo, 604 frames
2021-01-16 19:09:13 | start file n. 275
2021-01-16 19:09:48 | done file n. 258: 04_Funk2-108-Eb_solo, 766 frames
2021-01-16 19:09:48 | start file n. 259
2021-01-16 19:14:29 | done file n. 275: 04_Jazz3-150-C_comp, 552 frames
2021-01-16 19:14:29 | start file n. 276
2021-01-16 19:16:43 | done file n. 276: 04_Jazz3-150-C_solo, 552 frames
2021-01-16 19:16:43 | start file n. 277
2021-01-16 19:17:51 | done file n. 259: 04_Funk2-119-G_comp, 695 frames
2021-01-16 19:17:51 | start file n. 260
2021-01-16 19:17:54 | done file n. 229: 03_SS1-100-C#_comp, 621 frames
2021-01-16 19:17:54 | start file n. 230
2021-01-16 19:20:20 | done file n. 277: 04_Rock1-130-A_comp, 477 frames
2021-01-16 19:20:20 | start file n. 278
2021-01-16 19:21:07 | done file n. 260: 04_Funk2-119-G_solo, 695 frames
2021-01-16 19:21:07 | start file n. 261
2021-01-16 19:21:39 | done file n. 230: 03_SS1-100-C#_solo, 621 frames
2021-01-16 19:21:39 | start file n. 231
2021-01-16 19:22:16 | done file n. 278: 04_Rock1-130-A_solo, 477 frames
2021-01-16 19:22:16 | start file n. 279
2021-01-16 19:26:51 | done file n. 177: 02_SS3-84-Bb_comp, 985 frames
2021-01-16 19:26:52 | start file n. 178
2021-01-16 19:28:55 | done file n. 239: 03_SS3-98-C_comp, 844 frames
2021-01-16 19:28:55 | start file n. 240
2021-01-16 19:31:32 | done file n. 279: 04_Rock1-90-C#_comp, 690 frames
2021-01-16 19:31:32 | start file n. 280
2021-01-16 19:31:36 | done file n. 261: 04_Funk3-112-C#_comp, 739 frames
2021-01-16 19:31:36 | start file n. 262
2021-01-16 19:33:36 | done file n. 240: 03_SS3-98-C_solo, 844 frames
2021-01-16 19:33:36 | start file n. 241
2021-01-16 19:34:23 | done file n. 280: 04_Rock1-90-C#_solo, 690 frames
2021-01-16 19:34:23 | start file n. 281
2021-01-16 19:34:28 | done file n. 178: 02_SS3-84-Bb_solo, 985 frames
2021-01-16 19:34:28 | start file n. 179
2021-01-16 19:35:21 | done file n. 262: 04_Funk3-112-C#_solo, 739 frames
2021-01-16 19:35:21 | start file n. 263
2021-01-16 19:37:06 | done file n. 241: 04_BN1-129-Eb_comp, 481 frames
2021-01-16 19:37:06 | start file n. 242
2021-01-16 19:38:20 | done file n. 231: 03_SS1-68-E_comp, 912 frames
2021-01-16 19:38:20 | start file n. 232
2021-01-16 19:38:59 | done file n. 242: 04_BN1-129-Eb_solo, 481 frames
2021-01-16 19:38:59 | start file n. 243
2021-01-16 19:42:23 | done file n. 243: 04_BN1-147-Gb_comp, 422 frames
2021-01-16 19:42:23 | start file n. 244
2021-01-16 19:43:25 | done file n. 232: 03_SS1-68-E_solo, 912 frames
2021-01-16 19:43:25 | start file n. 233
2021-01-16 19:43:41 | done file n. 281: 04_Rock2-142-D_comp, 583 frames
2021-01-16 19:43:41 | start file n. 282
2021-01-16 19:43:55 | done file n. 244: 04_BN1-147-Gb_solo, 422 frames
2021-01-16 19:43:55 | start file n. 245
2021-01-16 19:45:54 | done file n. 282: 04_Rock2-142-D_solo, 583 frames
2021-01-16 19:45:54 | start file n. 283
2021-01-16 19:46:19 | done file n. 263: 04_Funk3-98-A_comp, 844 frames
2021-01-16 19:46:19 | start file n. 264
2021-01-16 19:47:52 | done file n. 179: 02_SS3-98-C_comp, 844 frames
2021-01-16 19:47:52 | start file n. 180
2021-01-16 19:49:09 | done file n. 245: 04_BN2-131-B_comp, 632 frames
2021-01-16 19:49:09 | start file n. 246
2021-01-16 19:50:31 | done file n. 264: 04_Funk3-98-A_solo, 844 frames
2021-01-16 19:50:31 | start file n. 265
2021-01-16 19:51:57 | done file n. 246: 04_BN2-131-B_solo, 632 frames
2021-01-16 19:51:57 | start file n. 247
2021-01-16 19:52:47 | done file n. 180: 02_SS3-98-C_solo, 844 frames
2021-01-16 19:52:47 | start file n. 289
2021-01-16 19:54:29 | done file n. 265: 04_Jazz1-130-D_comp, 477 frames
2021-01-16 19:54:29 | start file n. 266
2021-01-16 19:55:03 | done file n. 233: 03_SS2-107-Ab_comp, 773 frames
2021-01-16 19:55:03 | start file n. 234
2021-01-16 19:55:41 | done file n. 247: 04_BN2-166-Ab_comp, 499 frames
2021-01-16 19:55:41 | start file n. 248
2021-01-16 19:56:00 | done file n. 266: 04_Jazz1-130-D_solo, 477 frames
2021-01-16 19:56:00 | start file n. 267
2021-01-16 19:57:34 | done file n. 248: 04_BN2-166-Ab_solo, 499 frames
2021-01-16 19:57:34 | start file n. 249
2021-01-16 19:57:40 | done file n. 267: 04_Jazz1-200-B_comp, 311 frames
2021-01-16 19:57:40 | start file n. 268
2021-01-16 19:58:14 | done file n. 234: 03_SS2-107-Ab_solo, 773 frames
2021-01-16 19:58:14 | start file n. 307
2021-01-16 19:58:35 | done file n. 268: 04_Jazz1-200-B_solo, 311 frames
2021-01-16 19:58:35 | start file n. 269
2021-01-16 19:59:35 | done file n. 289: 04_SS1-100-C#_comp, 621 frames
2021-01-16 19:59:35 | start file n. 290
2021-01-16 20:01:47 | done file n. 290: 04_SS1-100-C#_solo, 621 frames
2021-01-16 20:01:47 | start file n. 291
2021-01-16 20:02:04 | done file n. 283: 04_Rock2-85-F_comp, 973 frames
2021-01-16 20:02:04 | start file n. 284
2021-01-16 20:02:14 | done file n. 307: 05_BN2-166-Ab_comp, 499 frames
2021-01-16 20:02:14 | start file n. 308
2021-01-16 20:03:33 | done file n. 249: 04_BN3-119-G_comp, 695 frames
2021-01-16 20:03:33 | start file n. 250
2021-01-16 20:04:20 | done file n. 308: 05_BN2-166-Ab_solo, 499 frames
2021-01-16 20:04:20 | start file n. 309
2021-01-16 20:07:27 | done file n. 250: 04_BN3-119-G_solo, 695 frames
2021-01-16 20:07:27 | start file n. 251
2021-01-16 20:08:41 | done file n. 284: 04_Rock2-85-F_solo, 973 frames
2021-01-16 20:08:41 | start file n. 285
2021-01-16 20:09:04 | done file n. 269: 04_Jazz2-110-Bb_comp, 752 frames
2021-01-16 20:09:04 | start file n. 270
2021-01-16 20:11:20 | done file n. 251: 04_BN3-154-E_comp, 537 frames
2021-01-16 20:11:20 | start file n. 252
2021-01-16 20:12:00 | done file n. 309: 05_BN3-119-G_comp, 695 frames
2021-01-16 20:12:00 | start file n. 310
2021-01-16 20:12:49 | done file n. 270: 04_Jazz2-110-Bb_solo, 752 frames
2021-01-16 20:12:49 | start file n. 325
2021-01-16 20:13:39 | done file n. 252: 04_BN3-154-E_solo, 537 frames
2021-01-16 20:13:39 | start file n. 343
2021-01-16 20:15:10 | done file n. 310: 05_BN3-119-G_solo, 695 frames
2021-01-16 20:15:10 | start file n. 311
2021-01-16 20:15:52 | done file n. 325: 05_Jazz1-130-D_comp, 477 frames
2021-01-16 20:15:52 | start file n. 326
2021-01-16 20:17:31 | done file n. 326: 05_Jazz1-130-D_solo, 477 frames
2021-01-16 20:17:31 | start file n. 327
2021-01-16 20:19:24 | done file n. 327: 05_Jazz1-200-B_comp, 311 frames
2021-01-16 20:19:24 | start file n. 328
2021-01-16 20:20:08 | done file n. 311: 05_BN3-154-E_comp, 537 frames
2021-01-16 20:20:08 | start file n. 312
2021-01-16 20:20:17 | done file n. 328: 05_Jazz1-200-B_solo, 311 frames
2021-01-16 20:20:17 | start file n. 329
2021-01-16 20:22:04 | done file n. 312: 05_BN3-154-E_solo, 537 frames
2021-01-16 20:22:04 | start file n. 313
2021-01-16 20:24:09 | done file n. 285: 04_Rock3-117-Bb_comp, 707 frames
2021-01-16 20:24:09 | start file n. 286
2021-01-16 20:25:19 | done file n. 313: 05_Funk1-114-Ab_comp, 544 frames
2021-01-16 20:25:19 | start file n. 314
2021-01-16 20:26:48 | done file n. 314: 05_Funk1-114-Ab_solo, 544 frames
2021-01-16 20:26:48 | start file n. 315
2021-01-16 20:28:17 | done file n. 286: 04_Rock3-117-Bb_solo, 707 frames
2021-01-16 20:28:17 | start file n. 287
2021-01-16 20:29:23 | done file n. 329: 05_Jazz2-110-Bb_comp, 752 frames
2021-01-16 20:29:23 | start file n. 330
2021-01-16 20:31:22 | done file n. 315: 05_Funk1-97-C_comp, 640 frames
2021-01-16 20:31:22 | start file n. 316
2021-01-16 20:31:29 | done file n. 343: 05_Rock2-85-F_comp, 973 frames
2021-01-16 20:31:29 | start file n. 344
2021-01-16 20:33:39 | done file n. 330: 05_Jazz2-110-Bb_solo, 752 frames
2021-01-16 20:33:39 | start file n. 331
2021-01-16 20:34:00 | done file n. 316: 05_Funk1-97-C_solo, 640 frames
2021-01-16 20:34:00 | start file n. 317
2021-01-16 20:35:18 | done file n. 287: 04_Rock3-148-C_comp, 559 frames
2021-01-16 20:35:18 | start file n. 288
2021-01-16 20:36:15 | done file n. 344: 05_Rock2-85-F_solo, 973 frames
2021-01-16 20:36:15 | start file n. 345
2021-01-16 20:37:14 | done file n. 331: 05_Jazz2-187-F#_comp, 443 frames
2021-01-16 20:37:14 | start file n. 332
2021-01-16 20:37:35 | done file n. 288: 04_Rock3-148-C_solo, 559 frames
2021-01-16 20:38:36 | done file n. 332: 05_Jazz2-187-F#_solo, 443 frames
2021-01-16 20:38:36 | start file n. 333
2021-01-16 20:41:11 | done file n. 317: 05_Funk2-108-Eb_comp, 766 frames
2021-01-16 20:41:11 | start file n. 318
2021-01-16 20:43:39 | done file n. 333: 05_Jazz3-137-Eb_comp, 604 frames
2021-01-16 20:43:39 | start file n. 334
2021-01-16 20:43:44 | done file n. 291: 04_SS1-68-E_comp, 912 frames
2021-01-16 20:43:44 | start file n. 292
2021-01-16 20:44:36 | done file n. 318: 05_Funk2-108-Eb_solo, 766 frames
2021-01-16 20:44:36 | start file n. 319
2021-01-16 20:46:12 | done file n. 334: 05_Jazz3-137-Eb_solo, 604 frames
2021-01-16 20:46:12 | start file n. 335
2021-01-16 20:48:12 | done file n. 345: 05_Rock3-117-Bb_comp, 707 frames
2021-01-16 20:48:12 | start file n. 346
2021-01-16 20:48:22 | done file n. 319: 05_Funk2-119-G_comp, 695 frames
2021-01-16 20:48:22 | start file n. 320
2021-01-16 20:48:41 | done file n. 292: 04_SS1-68-E_solo, 912 frames
2021-01-16 20:48:41 | start file n. 293
2021-01-16 20:50:22 | done file n. 335: 05_Jazz3-150-C_comp, 552 frames
2021-01-16 20:50:22 | start file n. 336
2021-01-16 20:51:18 | done file n. 320: 05_Funk2-119-G_solo, 695 frames
2021-01-16 20:51:18 | start file n. 321
2021-01-16 20:51:24 | done file n. 346: 05_Rock3-117-Bb_solo, 707 frames
2021-01-16 20:51:24 | start file n. 347
2021-01-16 20:52:18 | done file n. 336: 05_Jazz3-150-C_solo, 552 frames
2021-01-16 20:52:18 | start file n. 337
2021-01-16 20:56:12 | done file n. 347: 05_Rock3-148-C_comp, 559 frames
2021-01-16 20:56:12 | start file n. 348
2021-01-16 20:56:36 | done file n. 321: 05_Funk3-112-C#_comp, 739 frames
2021-01-16 20:56:36 | start file n. 322
2021-01-16 20:57:30 | done file n. 337: 05_Rock1-130-A_comp, 477 frames
2021-01-16 20:57:30 | start file n. 338
2021-01-16 20:58:13 | done file n. 348: 05_Rock3-148-C_solo, 559 frames
2021-01-16 20:58:13 | start file n. 349
2021-01-16 20:59:02 | done file n. 338: 05_Rock1-130-A_solo, 477 frames
2021-01-16 20:59:02 | start file n. 339
2021-01-16 20:59:02 | done file n. 293: 04_SS2-107-Ab_comp, 773 frames
2021-01-16 20:59:02 | start file n. 294
2021-01-16 21:00:01 | done file n. 322: 05_Funk3-112-C#_solo, 739 frames
2021-01-16 21:00:01 | start file n. 323
2021-01-16 21:02:44 | done file n. 294: 04_SS2-107-Ab_solo, 773 frames
2021-01-16 21:02:44 | start file n. 295
2021-01-16 21:05:29 | done file n. 349: 05_SS1-100-C#_comp, 621 frames
2021-01-16 21:05:29 | start file n. 350
2021-01-16 21:05:52 | done file n. 323: 05_Funk3-98-A_comp, 844 frames
2021-01-16 21:05:52 | start file n. 324
2021-01-16 21:07:25 | done file n. 350: 05_SS1-100-C#_solo, 621 frames
2021-01-16 21:07:25 | start file n. 351
2021-01-16 21:09:45 | done file n. 324: 05_Funk3-98-A_solo, 844 frames
2021-01-16 21:10:32 | done file n. 339: 05_Rock1-90-C#_comp, 690 frames
2021-01-16 21:10:32 | start file n. 340
2021-01-16 21:13:11 | done file n. 340: 05_Rock1-90-C#_solo, 690 frames
2021-01-16 21:13:11 | start file n. 341
2021-01-16 21:19:34 | done file n. 351: 05_SS1-68-E_comp, 912 frames
2021-01-16 21:19:34 | start file n. 352
2021-01-16 21:20:31 | done file n. 295: 04_SS2-88-F_comp, 940 frames
2021-01-16 21:20:31 | start file n. 296
2021-01-16 21:22:29 | done file n. 341: 05_Rock2-142-D_comp, 583 frames
2021-01-16 21:22:29 | start file n. 342
2021-01-16 21:23:09 | done file n. 352: 05_SS1-68-E_solo, 912 frames
2021-01-16 21:23:09 | start file n. 353
2021-01-16 21:24:23 | done file n. 342: 05_Rock2-142-D_solo, 583 frames
2021-01-16 21:25:41 | done file n. 296: 04_SS2-88-F_solo, 940 frames
2021-01-16 21:25:41 | start file n. 297
2021-01-16 21:32:08 | done file n. 353: 05_SS2-107-Ab_comp, 773 frames
2021-01-16 21:32:08 | start file n. 354
2021-01-16 21:35:32 | done file n. 354: 05_SS2-107-Ab_solo, 773 frames
2021-01-16 21:35:32 | start file n. 355
2021-01-16 21:44:41 | done file n. 297: 04_SS3-84-Bb_comp, 985 frames
2021-01-16 21:44:41 | start file n. 298
2021-01-16 21:50:19 | done file n. 298: 04_SS3-84-Bb_solo, 985 frames
2021-01-16 21:50:19 | start file n. 299
2021-01-16 21:52:15 | done file n. 355: 05_SS2-88-F_comp, 940 frames
2021-01-16 21:52:15 | start file n. 356
2021-01-16 21:56:46 | done file n. 356: 05_SS2-88-F_solo, 940 frames
2021-01-16 21:56:46 | start file n. 357
2021-01-16 22:04:47 | done file n. 299: 04_SS3-98-C_comp, 844 frames
2021-01-16 22:04:47 | start file n. 300
2021-01-16 22:08:45 | done file n. 300: 04_SS3-98-C_solo, 844 frames
2021-01-16 22:08:45 | start file n. 301
2021-01-16 22:09:53 | done file n. 357: 05_SS3-84-Bb_comp, 985 frames
2021-01-16 22:09:53 | start file n. 358
2021-01-16 22:12:19 | done file n. 301: 05_BN1-129-Eb_comp, 481 frames
2021-01-16 22:12:19 | start file n. 302
2021-01-16 22:13:53 | done file n. 302: 05_BN1-129-Eb_solo, 481 frames
2021-01-16 22:13:53 | start file n. 303
2021-01-16 22:15:13 | done file n. 358: 05_SS3-84-Bb_solo, 985 frames
2021-01-16 22:15:13 | start file n. 359
2021-01-16 22:16:27 | done file n. 303: 05_BN1-147-Gb_comp, 422 frames
2021-01-16 22:16:27 | start file n. 304
2021-01-16 22:17:23 | done file n. 304: 05_BN1-147-Gb_solo, 422 frames
2021-01-16 22:17:23 | start file n. 305
2021-01-16 22:24:23 | done file n. 305: 05_BN2-131-B_comp, 632 frames
2021-01-16 22:24:23 | start file n. 306
2021-01-16 22:26:37 | done file n. 306: 05_BN2-131-B_solo, 632 frames
2021-01-16 22:29:07 | done file n. 359: 05_SS3-98-C_comp, 844 frames
2021-01-16 22:29:07 | start file n. 360
2021-01-16 22:33:09 | done file n. 360: 05_SS3-98-C_solo, 844 frames2021-01-26 12:15:19 | start file n. 1
2021-01-26 12:18:14 | *****************************
2021-01-26 12:18:14 | ***** INIT NEW DATA GEN *****
2021-01-26 12:18:14 | *****************************
2021-01-26 12:18:14 | start file n. 1
2021-01-26 12:18:14 | start file n. 19
2021-01-26 12:18:14 | start file n. 37
2021-01-26 12:18:14 | start file n. 73
2021-01-26 12:18:14 | start file n. 55
2021-01-26 12:19:16 | done file n. 1: 00_BN1-129-Eb_comp, 112 frames
2021-01-26 12:19:16 | start file n. 2
2021-01-26 12:19:35 | done file n. 74: 01_Funk1-114-Ab_solo, 127 frames
2021-01-26 12:19:35 | start file n. 75
2021-01-26 12:19:56 | done file n. 2: 00_BN1-129-Eb_solo, 112 frames
2021-01-26 12:19:56 | start file n. 3
2021-01-26 12:20:00 | done file n. 37: 00_Rock1-130-A_comp, 111 frames
2021-01-26 12:20:00 | start file n. 38
2021-01-26 12:20:35 | done file n. 38: 00_Rock1-130-A_solo, 111 frames
2021-01-26 12:20:35 | start file n. 39
2021-01-26 12:20:40 | done file n. 75: 01_Funk1-97-C_comp, 149 frames
2021-01-26 12:20:40 | start file n. 76
2021-01-26 12:20:46 | done file n. 3: 00_BN1-147-Gb_comp, 98 frames
2021-01-26 12:20:46 | start file n. 4
2021-01-26 12:21:16 | done file n. 4: 00_BN1-147-Gb_solo, 98 frames
2021-01-26 12:21:16 | start file n. 5
2021-01-26 12:21:43 | done file n. 19: 00_Funk2-119-G_comp, 162 frames
2021-01-26 12:21:43 | start file n. 20
2021-01-26 12:22:21 | done file n. 55: 00_SS2-88-F_comp, 219 frames
2021-01-26 12:22:21 | start file n. 56
2021-01-26 12:22:59 | done file n. 20: 00_Funk2-119-G_solo, 162 frames
2021-01-26 12:22:59 | start file n. 21
2021-01-26 12:23:41 | done file n. 6: 00_BN2-131-B_solo, 147 frames
2021-01-26 12:23:41 | start file n. 7
2021-01-26 12:23:57 | done file n. 78: 01_Funk2-108-Eb_solo, 178 frames
2021-01-26 12:23:57 | start file n. 79
2021-01-26 12:24:10 | done file n. 56: 00_SS2-88-F_solo, 219 frames
2021-01-26 12:24:10 | start file n. 57
2021-01-26 12:24:43 | done file n. 7: 00_BN2-166-Ab_comp, 116 frames
2021-01-26 12:24:43 | start file n. 8
2021-01-26 12:25:05 | done file n. 79: 01_Funk2-119-G_comp, 162 frames
2021-01-26 12:25:05 | start file n. 80
2021-01-26 12:25:15 | done file n. 8: 00_BN2-166-Ab_solo, 116 frames
2021-01-26 12:25:15 | start file n. 9
2021-01-26 12:25:39 | done file n. 39: 00_Rock1-90-C#_comp, 160 frames
2021-01-26 12:25:39 | start file n. 40
2021-01-26 12:25:52 | done file n. 80: 01_Funk2-119-G_solo, 162 frames
2021-01-26 12:25:52 | start file n. 81
2021-01-26 12:26:48 | done file n. 21: 00_Funk3-112-C#_comp, 172 frames
2021-01-26 12:26:48 | start file n. 22
2021-01-26 12:27:05 | done file n. 40: 00_Rock1-90-C#_solo, 160 frames
2021-01-26 12:27:05 | start file n. 41
2021-01-26 12:27:07 | done file n. 9: 00_BN3-119-G_comp, 162 frames
2021-01-26 12:27:07 | start file n. 10
2021-01-26 12:28:11 | done file n. 81: 01_Funk3-112-C#_comp, 172 frames
2021-01-26 12:28:11 | start file n. 82
2021-01-26 12:28:12 | done file n. 22: 00_Funk3-112-C#_solo, 172 frames
2021-01-26 12:28:12 | start file n. 23
2021-01-26 12:28:23 | done file n. 57: 00_SS3-84-Bb_comp, 229 frames
2021-01-26 12:28:23 | start file n. 58
2021-01-26 12:29:04 | done file n. 10: 00_BN3-119-G_solo, 162 frames
2021-01-26 12:29:04 | start file n. 11
2021-01-26 12:29:19 | done file n. 82: 01_Funk3-112-C#_solo, 172 frames
2021-01-26 12:29:19 | start file n. 83
2021-01-26 12:30:16 | done file n. 11: 00_BN3-154-E_comp, 125 frames
2021-01-26 12:30:16 | start file n. 12
2021-01-26 12:30:27 | done file n. 58: 00_SS3-84-Bb_solo, 229 frames
2021-01-26 12:30:27 | start file n. 59
2021-01-26 12:30:31 | done file n. 41: 00_Rock2-142-D_comp, 136 frames
2021-01-26 12:30:31 | start file n. 42
2021-01-26 12:31:05 | done file n. 12: 00_BN3-154-E_solo, 125 frames
2021-01-26 12:31:05 | start file n. 13
2021-01-26 12:31:16 | done file n. 83: 01_Funk3-98-A_comp, 196 frames
2021-01-26 12:31:16 | start file n. 84
2021-01-26 12:31:20 | done file n. 42: 00_Rock2-142-D_solo, 136 frames
2021-01-26 12:31:20 | start file n. 43
2021-01-26 12:32:30 | done file n. 13: 00_Funk1-114-Ab_comp, 127 frames
2021-01-26 12:32:30 | start file n. 14
2021-01-26 12:32:34 | done file n. 23: 00_Funk3-98-A_comp, 196 frames
2021-01-26 12:32:34 | start file n. 24
2021-01-26 12:32:35 | done file n. 84: 01_Funk3-98-A_solo, 196 frames
2021-01-26 12:32:35 | start file n. 85
2021-01-26 12:33:13 | done file n. 14: 00_Funk1-114-Ab_solo, 127 frames
2021-01-26 12:33:13 | start file n. 15
2021-01-26 12:33:26 | done file n. 85: 01_Jazz1-130-D_comp, 111 frames
2021-01-26 12:33:26 | start file n. 86
2021-01-26 12:33:57 | done file n. 86: 01_Jazz1-130-D_solo, 111 frames
2021-01-26 12:33:57 | start file n. 87
2021-01-26 12:34:20 | done file n. 24: 00_Funk3-98-A_solo, 196 frames
2021-01-26 12:34:20 | start file n. 25
2021-01-26 12:34:26 | done file n. 87: 01_Jazz1-200-B_comp, 72 frames
2021-01-26 12:34:26 | start file n. 88
2021-01-26 12:34:44 | done file n. 88: 01_Jazz1-200-B_solo, 72 frames
2021-01-26 12:34:44 | start file n. 89
2021-01-26 12:34:51 | done file n. 59: 00_SS3-98-C_comp, 196 frames
2021-01-26 12:34:51 | start file n. 60
2021-01-26 12:35:24 | done file n. 15: 00_Funk1-97-C_comp, 149 frames
2021-01-26 12:35:24 | start file n. 16
2021-01-26 12:35:53 | done file n. 25: 00_Jazz1-130-D_comp, 111 frames
2021-01-26 12:35:53 | start file n. 26
2021-01-26 12:36:26 | done file n. 26: 00_Jazz1-130-D_solo, 111 frames
2021-01-26 12:36:26 | start file n. 27
2021-01-26 12:36:34 | done file n. 16: 00_Funk1-97-C_solo, 149 frames
2021-01-26 12:36:34 | start file n. 17
2021-01-26 12:36:57 | done file n. 27: 00_Jazz1-200-B_comp, 72 frames
2021-01-26 12:36:57 | start file n. 28
2021-01-26 12:36:58 | done file n. 89: 01_Jazz2-110-Bb_comp, 175 frames
2021-01-26 12:36:58 | start file n. 90
2021-01-26 12:37:17 | done file n. 60: 00_SS3-98-C_solo, 196 frames
2021-01-26 12:37:17 | start file n. 61
2021-01-26 12:37:18 | done file n. 28: 00_Jazz1-200-B_solo, 72 frames
2021-01-26 12:37:18 | start file n. 29
2021-01-26 12:38:02 | done file n. 90: 01_Jazz2-110-Bb_solo, 175 frames
2021-01-26 12:38:02 | start file n. 91
2021-01-26 12:38:11 | done file n. 61: 01_BN1-129-Eb_comp, 112 frames
2021-01-26 12:38:11 | start file n. 62
2021-01-26 12:38:39 | done file n. 62: 01_BN1-129-Eb_solo, 112 frames
2021-01-26 12:38:39 | start file n. 63
2021-01-26 12:38:41 | done file n. 91: 01_Jazz2-187-F#_comp, 103 frames
2021-01-26 12:38:41 | start file n. 92
2021-01-26 12:39:13 | done file n. 92: 01_Jazz2-187-F#_solo, 103 frames
2021-01-26 12:39:13 | start file n. 93
2021-01-26 12:39:33 | done file n. 63: 01_BN1-147-Gb_comp, 98 frames
2021-01-26 12:39:33 | start file n. 64
2021-01-26 12:40:02 | done file n. 64: 01_BN1-147-Gb_solo, 98 frames
2021-01-26 12:40:02 | start file n. 65
2021-01-26 12:40:31 | done file n. 29: 00_Jazz2-110-Bb_comp, 175 frames
2021-01-26 12:40:31 | start file n. 30
2021-01-26 12:40:39 | done file n. 93: 01_Jazz3-137-Eb_comp, 141 frames
2021-01-26 12:40:39 | start file n. 94
2021-01-26 12:40:43 | done file n. 17: 00_Funk2-108-Eb_comp, 178 frames
2021-01-26 12:40:43 | start file n. 18
2021-01-26 12:41:34 | done file n. 94: 01_Jazz3-137-Eb_solo, 141 frames
2021-01-26 12:41:34 | start file n. 95
2021-01-26 12:41:47 | done file n. 65: 01_BN2-131-B_comp, 147 frames
2021-01-26 12:41:47 | start file n. 66
2021-01-26 12:41:56 | done file n. 30: 00_Jazz2-110-Bb_solo, 175 frames
2021-01-26 12:41:56 | start file n. 31
2021-01-26 12:41:59 | done file n. 18: 00_Funk2-108-Eb_solo, 178 frames
2021-01-26 12:41:59 | start file n. 109
2021-01-26 12:42:27 | done file n. 95: 01_Jazz3-150-C_comp, 128 frames
2021-01-26 12:42:27 | start file n. 96
2021-01-26 12:42:45 | done file n. 66: 01_BN2-131-B_solo, 147 frames
2021-01-26 12:42:45 | start file n. 67
2021-01-26 12:42:54 | done file n. 31: 00_Jazz2-187-F#_comp, 103 frames
2021-01-26 12:42:54 | start file n. 32
2021-01-26 12:43:05 | done file n. 96: 01_Jazz3-150-C_solo, 128 frames
2021-01-26 12:43:05 | start file n. 97
2021-01-26 12:43:08 | done file n. 43: 00_Rock2-85-F_comp, 226 frames
2021-01-26 12:43:08 | start file n. 44
2021-01-26 12:43:34 | done file n. 32: 00_Jazz2-187-F#_solo, 103 frames
2021-01-26 12:43:34 | start file n. 33
2021-01-26 12:43:59 | done file n. 67: 01_BN2-166-Ab_comp, 116 frames
2021-01-26 12:43:59 | start file n. 68
2021-01-26 12:44:01 | done file n. 109: 01_SS1-100-C#_comp, 144 frames
2021-01-26 12:44:01 | start file n. 110
2021-01-26 12:44:07 | done file n. 97: 01_Rock1-130-A_comp, 111 frames
2021-01-26 12:44:07 | start file n. 98
2021-01-26 12:44:35 | done file n. 98: 01_Rock1-130-A_solo, 111 frames
2021-01-26 12:44:35 | start file n. 99
2021-01-26 12:44:36 | done file n. 68: 01_BN2-166-Ab_solo, 116 frames
2021-01-26 12:44:36 | start file n. 69
2021-01-26 12:44:40 | done file n. 110: 01_SS1-100-C#_solo, 144 frames
2021-01-26 12:44:40 | start file n. 111
2021-01-26 12:45:32 | done file n. 44: 00_Rock2-85-F_solo, 226 frames
2021-01-26 12:45:32 | start file n. 45
2021-01-26 12:45:42 | done file n. 33: 00_Jazz3-137-Eb_comp, 141 frames
2021-01-26 12:45:42 | start file n. 34
2021-01-26 12:46:08 | done file n. 69: 01_BN3-119-G_comp, 162 frames
2021-01-26 12:46:08 | start file n. 70
2021-01-26 12:47:12 | done file n. 70: 01_BN3-119-G_solo, 162 frames
2021-01-26 12:47:12 | start file n. 71
2021-01-26 12:47:13 | done file n. 34: 00_Jazz3-137-Eb_solo, 141 frames
2021-01-26 12:47:13 | start file n. 35
2021-01-26 12:47:33 | done file n. 99: 01_Rock1-90-C#_comp, 160 frames
2021-01-26 12:47:33 | start file n. 100
2021-01-26 12:48:25 | done file n. 71: 01_BN3-154-E_comp, 125 frames
2021-01-26 12:48:25 | start file n. 72
2021-01-26 12:48:37 | done file n. 100: 01_Rock1-90-C#_solo, 160 frames
2021-01-26 12:48:37 | start file n. 101
2021-01-26 12:49:01 | done file n. 35: 00_Jazz3-150-C_comp, 128 frames
2021-01-26 12:49:01 | start file n. 36
2021-01-26 12:49:13 | done file n. 72: 01_BN3-154-E_solo, 125 frames
2021-01-26 12:49:13 | start file n. 127
2021-01-26 12:50:22 | done file n. 36: 00_Jazz3-150-C_solo, 128 frames
2021-01-26 12:50:22 | start file n. 145
2021-01-26 12:50:25 | done file n. 127: 02_BN2-166-Ab_comp, 116 frames
2021-01-26 12:50:25 | start file n. 128
2021-01-26 12:50:30 | done file n. 111: 01_SS1-68-E_comp, 212 frames
2021-01-26 12:50:30 | start file n. 112
2021-01-26 12:50:40 | done file n. 101: 01_Rock2-142-D_comp, 136 frames
2021-01-26 12:50:40 | start file n. 102
2021-01-26 12:51:02 | done file n. 45: 00_Rock3-117-Bb_comp, 165 frames
2021-01-26 12:51:02 | start file n. 46
2021-01-26 12:51:04 | done file n. 128: 02_BN2-166-Ab_solo, 116 frames
2021-01-26 12:51:04 | start file n. 129
2021-01-26 12:51:29 | done file n. 102: 01_Rock2-142-D_solo, 136 frames
2021-01-26 12:51:29 | start file n. 103
2021-01-26 12:51:42 | done file n. 145: 02_Jazz1-130-D_comp, 111 frames
2021-01-26 12:51:42 | start file n. 146
2021-01-26 12:51:52 | done file n. 112: 01_SS1-68-E_solo, 212 frames
2021-01-26 12:51:52 | start file n. 113
2021-01-26 12:52:29 | done file n. 146: 02_Jazz1-130-D_solo, 111 frames
2021-01-26 12:52:29 | start file n. 147
2021-01-26 12:52:37 | done file n. 46: 00_Rock3-117-Bb_solo, 165 frames
2021-01-26 12:52:37 | start file n. 47
2021-01-26 12:53:03 | done file n. 147: 02_Jazz1-200-B_comp, 72 frames
2021-01-26 12:53:03 | start file n. 148
2021-01-26 12:53:12 | done file n. 113: 01_SS2-107-Ab_comp, 180 frames
2021-01-26 12:53:12 | start file n. 114
2021-01-26 12:53:18 | done file n. 148: 02_Jazz1-200-B_solo, 72 frames
2021-01-26 12:53:18 | start file n. 149
2021-01-26 12:53:38 | done file n. 129: 02_BN3-119-G_comp, 162 frames
2021-01-26 12:53:38 | start file n. 130
2021-01-26 12:54:30 | done file n. 114: 01_SS2-107-Ab_solo, 180 frames
2021-01-26 12:54:30 | start file n. 115
2021-01-26 12:54:36 | done file n. 130: 02_BN3-119-G_solo, 162 frames
2021-01-26 12:54:36 | start file n. 131
2021-01-26 12:56:03 | done file n. 131: 02_BN3-154-E_comp, 125 frames
2021-01-26 12:56:03 | start file n. 132
2021-01-26 12:56:15 | done file n. 103: 01_Rock2-85-F_comp, 226 frames
2021-01-26 12:56:15 | start file n. 104
2021-01-26 12:56:20 | done file n. 149: 02_Jazz2-110-Bb_comp, 175 frames
2021-01-26 12:56:20 | start file n. 150
2021-01-26 12:56:48 | done file n. 132: 02_BN3-154-E_solo, 125 frames
2021-01-26 12:56:48 | start file n. 133
2021-01-26 12:56:50 | done file n. 47: 00_Rock3-148-C_comp, 130 frames
2021-01-26 12:56:50 | start file n. 48
2021-01-26 12:57:42 | done file n. 150: 02_Jazz2-110-Bb_solo, 175 frames
2021-01-26 12:57:42 | start file n. 151
2021-01-26 12:57:46 | done file n. 48: 00_Rock3-148-C_solo, 130 frames
2021-01-26 12:57:46 | start file n. 49
2021-01-26 12:57:55 | done file n. 115: 01_SS2-88-F_comp, 219 frames
2021-01-26 12:57:56 | start file n. 116
2021-01-26 12:57:58 | done file n. 133: 02_Funk1-114-Ab_comp, 127 frames
2021-01-26 12:57:58 | start file n. 134
2021-01-26 12:58:12 | done file n. 104: 01_Rock2-85-F_solo, 226 frames
2021-01-26 12:58:13 | start file n. 105
2021-01-26 12:58:36 | done file n. 151: 02_Jazz2-187-F#_comp, 103 frames
2021-01-26 12:58:36 | start file n. 152
2021-01-26 12:58:39 | done file n. 134: 02_Funk1-114-Ab_solo, 127 frames
2021-01-26 12:58:39 | start file n. 135
2021-01-26 12:59:08 | done file n. 152: 02_Jazz2-187-F#_solo, 103 frames
2021-01-26 12:59:08 | start file n. 153
2021-01-26 12:59:43 | done file n. 116: 01_SS2-88-F_solo, 219 frames
2021-01-26 12:59:43 | start file n. 117
2021-01-26 12:59:53 | done file n. 49: 00_SS1-100-C#_comp, 144 frames
2021-01-26 12:59:53 | start file n. 50
2021-01-26 12:59:56 | done file n. 135: 02_Funk1-97-C_comp, 149 frames
2021-01-26 12:59:56 | start file n. 136
2021-01-26 13:00:40 | done file n. 153: 02_Jazz3-137-Eb_comp, 141 frames
2021-01-26 13:00:40 | start file n. 154
2021-01-26 13:00:43 | done file n. 136: 02_Funk1-97-C_solo, 149 frames
2021-01-26 13:00:43 | start file n. 137
2021-01-26 13:00:45 | done file n. 50: 00_SS1-100-C#_solo, 144 frames
2021-01-26 13:00:45 | start file n. 51
2021-01-26 13:00:57 | done file n. 105: 01_Rock3-117-Bb_comp, 165 frames
2021-01-26 13:00:57 | start file n. 106
2021-01-26 13:01:32 | done file n. 154: 02_Jazz3-137-Eb_solo, 141 frames
2021-01-26 13:01:32 | start file n. 155
2021-01-26 13:02:04 | done file n. 106: 01_Rock3-117-Bb_solo, 165 frames
2021-01-26 13:02:04 | start file n. 107
2021-01-26 13:02:43 | done file n. 137: 02_Funk2-108-Eb_comp, 178 frames
2021-01-26 13:02:43 | start file n. 138
2021-01-26 13:03:03 | done file n. 107: 01_Rock3-148-C_comp, 130 frames
2021-01-26 13:03:03 | start file n. 108
2021-01-26 13:03:31 | done file n. 155: 02_Jazz3-150-C_comp, 128 frames
2021-01-26 13:03:31 | start file n. 156
2021-01-26 13:03:50 | done file n. 108: 01_Rock3-148-C_solo, 130 frames
2021-01-26 13:03:50 | start file n. 163
2021-01-26 13:03:51 | done file n. 138: 02_Funk2-108-Eb_solo, 178 frames
2021-01-26 13:03:51 | start file n. 139
2021-01-26 13:04:19 | done file n. 156: 02_Jazz3-150-C_solo, 128 frames
2021-01-26 13:04:19 | start file n. 157
2021-01-26 13:05:12 | done file n. 117: 01_SS3-84-Bb_comp, 229 frames
2021-01-26 13:05:12 | start file n. 118
2021-01-26 13:05:20 | done file n. 51: 00_SS1-68-E_comp, 212 frames
2021-01-26 13:05:20 | start file n. 52
2021-01-26 13:05:31 | done file n. 139: 02_Funk2-119-G_comp, 162 frames
2021-01-26 13:05:31 | start file n. 140
2021-01-26 13:05:43 | done file n. 157: 02_Rock1-130-A_comp, 111 frames
2021-01-26 13:05:43 | start file n. 158
2021-01-26 13:06:20 | done file n. 158: 02_Rock1-130-A_solo, 111 frames
2021-01-26 13:06:20 | start file n. 159
2021-01-26 13:06:28 | done file n. 140: 02_Funk2-119-G_solo, 162 frames
2021-01-26 13:06:28 | start file n. 141
2021-01-26 13:07:08 | done file n. 118: 01_SS3-84-Bb_solo, 229 frames
2021-01-26 13:07:08 | start file n. 119
2021-01-26 13:07:59 | done file n. 141: 02_Funk3-112-C#_comp, 172 frames
2021-01-26 13:07:59 | start file n. 142
2021-01-26 13:08:01 | done file n. 163: 02_Rock2-85-F_comp, 226 frames
2021-01-26 13:08:01 | start file n. 164
2021-01-26 13:08:06 | done file n. 52: 00_SS1-68-E_solo, 212 frames
2021-01-26 13:08:06 | start file n. 53
2021-01-26 13:08:10 | done file n. 159: 02_Rock1-90-C#_comp, 160 frames
2021-01-26 13:08:10 | start file n. 160
2021-01-26 13:09:11 | done file n. 160: 02_Rock1-90-C#_solo, 160 frames
2021-01-26 13:09:11 | start file n. 161
2021-01-26 13:09:23 | done file n. 142: 02_Funk3-112-C#_solo, 172 frames
2021-01-26 13:09:23 | start file n. 143
2021-01-26 13:09:40 | done file n. 164: 02_Rock2-85-F_solo, 226 frames
2021-01-26 13:09:40 | start file n. 165
2021-01-26 13:10:26 | done file n. 161: 02_Rock2-142-D_comp, 136 frames
2021-01-26 13:10:26 | start file n. 162
2021-01-26 13:10:51 | done file n. 53: 00_SS2-107-Ab_comp, 180 frames
2021-01-26 13:10:51 | start file n. 54
2021-01-26 13:11:10 | done file n. 162: 02_Rock2-142-D_solo, 136 frames
2021-01-26 13:11:10 | start file n. 181
2021-01-26 13:11:18 | done file n. 143: 02_Funk3-98-A_comp, 196 frames
2021-01-26 13:11:18 | start file n. 144
2021-01-26 13:11:43 | done file n. 165: 02_Rock3-117-Bb_comp, 165 frames
2021-01-26 13:11:43 | start file n. 166
2021-01-26 13:12:10 | done file n. 181: 03_BN1-129-Eb_comp, 112 frames
2021-01-26 13:12:10 | start file n. 182
2021-01-26 13:12:18 | done file n. 54: 00_SS2-107-Ab_solo, 180 frames
2021-01-26 13:12:18 | start file n. 199
2021-01-26 13:12:37 | done file n. 144: 02_Funk3-98-A_solo, 196 frames
2021-01-26 13:12:37 | start file n. 217
2021-01-26 13:12:39 | done file n. 182: 03_BN1-129-Eb_solo, 112 frames
2021-01-26 13:12:39 | start file n. 183
2021-01-26 13:12:43 | done file n. 166: 02_Rock3-117-Bb_solo, 165 frames
2021-01-26 13:12:43 | start file n. 167
2021-01-26 13:13:18 | done file n. 119: 01_SS3-98-C_comp, 196 frames
2021-01-26 13:13:18 | start file n. 120
2021-01-26 13:13:22 | done file n. 183: 03_BN1-147-Gb_comp, 98 frames
2021-01-26 13:13:22 | start file n. 184
2021-01-26 13:13:40 | done file n. 217: 03_Rock1-130-A_comp, 111 frames
2021-01-26 13:13:40 | start file n. 218
2021-01-26 13:13:46 | done file n. 184: 03_BN1-147-Gb_solo, 98 frames
2021-01-26 13:13:46 | start file n. 185
2021-01-26 13:13:50 | done file n. 199: 03_Funk2-119-G_comp, 162 frames
2021-01-26 13:13:50 | start file n. 200
2021-01-26 13:14:05 | done file n. 218: 03_Rock1-130-A_solo, 111 frames
2021-01-26 13:14:05 | start file n. 219
2021-01-26 13:14:35 | done file n. 200: 03_Funk2-119-G_solo, 162 frames
2021-01-26 13:14:35 | start file n. 201
2021-01-26 13:14:41 | done file n. 120: 01_SS3-98-C_solo, 196 frames
2021-01-26 13:14:41 | start file n. 121
2021-01-26 13:14:52 | done file n. 167: 02_Rock3-148-C_comp, 130 frames
2021-01-26 13:14:52 | start file n. 168
2021-01-26 13:15:08 | done file n. 185: 03_BN2-131-B_comp, 147 frames
2021-01-26 13:15:08 | start file n. 186
2021-01-26 13:15:29 | done file n. 168: 02_Rock3-148-C_solo, 130 frames
2021-01-26 13:15:29 | start file n. 169
2021-01-26 13:15:38 | done file n. 121: 02_BN1-129-Eb_comp, 112 frames
2021-01-26 13:15:38 | start file n. 122
2021-01-26 13:15:49 | done file n. 186: 03_BN2-131-B_solo, 147 frames
2021-01-26 13:15:49 | start file n. 187
2021-01-26 13:16:00 | done file n. 201: 03_Funk3-112-C#_comp, 172 frames
2021-01-26 13:16:00 | start file n. 202
2021-01-26 13:16:04 | done file n. 219: 03_Rock1-90-C#_comp, 160 frames
2021-01-26 13:16:04 | start file n. 220
2021-01-26 13:16:09 | done file n. 122: 02_BN1-129-Eb_solo, 112 frames
2021-01-26 13:16:09 | start file n. 123
2021-01-26 13:16:46 | done file n. 187: 03_BN2-166-Ab_comp, 116 frames
2021-01-26 13:16:46 | start file n. 188
2021-01-26 13:16:47 | done file n. 220: 03_Rock1-90-C#_solo, 160 frames
2021-01-26 13:16:47 | start file n. 221
2021-01-26 13:16:53 | done file n. 202: 03_Funk3-112-C#_solo, 172 frames
2021-01-26 13:16:53 | start file n. 203
2021-01-26 13:17:00 | done file n. 123: 02_BN1-147-Gb_comp, 98 frames
2021-01-26 13:17:00 | start file n. 124
2021-01-26 13:17:16 | done file n. 188: 03_BN2-166-Ab_solo, 116 frames
2021-01-26 13:17:16 | start file n. 189
2021-01-26 13:17:23 | done file n. 124: 02_BN1-147-Gb_solo, 98 frames
2021-01-26 13:17:24 | start file n. 125
2021-01-26 13:17:43 | done file n. 169: 02_SS1-100-C#_comp, 144 frames
2021-01-26 13:17:43 | start file n. 170
2021-01-26 13:18:30 | done file n. 170: 02_SS1-100-C#_solo, 144 frames
2021-01-26 13:18:30 | start file n. 171
2021-01-26 13:18:33 | done file n. 221: 03_Rock2-142-D_comp, 136 frames
2021-01-26 13:18:33 | start file n. 222
2021-01-26 13:18:52 | done file n. 189: 03_BN3-119-G_comp, 162 frames
2021-01-26 13:18:52 | start file n. 190
2021-01-26 13:19:13 | done file n. 222: 03_Rock2-142-D_solo, 136 frames
2021-01-26 13:19:13 | start file n. 223
2021-01-26 13:19:28 | done file n. 125: 02_BN2-131-B_comp, 147 frames
2021-01-26 13:19:28 | start file n. 126
2021-01-26 13:19:50 | done file n. 190: 03_BN3-119-G_solo, 162 frames
2021-01-26 13:19:50 | start file n. 191
2021-01-26 13:19:51 | done file n. 203: 03_Funk3-98-A_comp, 196 frames
2021-01-26 13:19:51 | start file n. 204
2021-01-26 13:20:18 | done file n. 126: 02_BN2-131-B_solo, 147 frames
2021-01-26 13:20:18 | start file n. 235
2021-01-26 13:20:49 | done file n. 191: 03_BN3-154-E_comp, 125 frames
2021-01-26 13:20:49 | start file n. 192
2021-01-26 13:20:58 | done file n. 204: 03_Funk3-98-A_solo, 196 frames
2021-01-26 13:20:58 | start file n. 205
2021-01-26 13:21:17 | done file n. 192: 03_BN3-154-E_solo, 125 frames
2021-01-26 13:21:17 | start file n. 193
2021-01-26 13:21:33 | done file n. 205: 03_Jazz1-130-D_comp, 111 frames
2021-01-26 13:21:33 | start file n. 206
2021-01-26 13:21:58 | done file n. 171: 02_SS1-68-E_comp, 212 frames
2021-01-26 13:21:58 | start file n. 172
2021-01-26 13:21:59 | done file n. 206: 03_Jazz1-130-D_solo, 111 frames
2021-01-26 13:21:59 | start file n. 207
2021-01-26 13:22:18 | done file n. 207: 03_Jazz1-200-B_comp, 72 frames
2021-01-26 13:22:18 | start file n. 208
2021-01-26 13:22:18 | done file n. 193: 03_Funk1-114-Ab_comp, 127 frames
2021-01-26 13:22:18 | start file n. 194
2021-01-26 13:22:30 | done file n. 208: 03_Jazz1-200-B_solo, 72 frames
2021-01-26 13:22:30 | start file n. 209
2021-01-26 13:22:48 | done file n. 194: 03_Funk1-114-Ab_solo, 127 frames
2021-01-26 13:22:48 | start file n. 195
2021-01-26 13:23:14 | done file n. 223: 03_Rock2-85-F_comp, 226 frames
2021-01-26 13:23:14 | start file n. 224
2021-01-26 13:23:23 | done file n. 172: 02_SS1-68-E_solo, 212 frames
2021-01-26 13:23:23 | start file n. 173
2021-01-26 13:24:08 | done file n. 195: 03_Funk1-97-C_comp, 149 frames
2021-01-26 13:24:08 | start file n. 196
2021-01-26 13:24:08 | done file n. 209: 03_Jazz2-110-Bb_comp, 175 frames
2021-01-26 13:24:08 | start file n. 210
2021-01-26 13:24:26 | done file n. 224: 03_Rock2-85-F_solo, 226 frames
2021-01-26 13:24:26 | start file n. 225
2021-01-26 13:24:47 | done file n. 196: 03_Funk1-97-C_solo, 149 frames
2021-01-26 13:24:47 | start file n. 197
2021-01-26 13:25:00 | done file n. 210: 03_Jazz2-110-Bb_solo, 175 frames
2021-01-26 13:25:00 | start file n. 211
2021-01-26 13:25:06 | done file n. 235: 03_SS2-88-F_comp, 219 frames
2021-01-26 13:25:06 | start file n. 236
2021-01-26 13:25:37 | done file n. 173: 02_SS2-107-Ab_comp, 180 frames
2021-01-26 13:25:37 | start file n. 174
2021-01-26 13:25:39 | done file n. 211: 03_Jazz2-187-F#_comp, 103 frames
2021-01-26 13:25:39 | start file n. 212
2021-01-26 13:26:01 | done file n. 212: 03_Jazz2-187-F#_solo, 103 frames
2021-01-26 13:26:01 | start file n. 213
2021-01-26 13:26:14 | done file n. 225: 03_Rock3-117-Bb_comp, 165 frames
2021-01-26 13:26:14 | start file n. 226
2021-01-26 13:26:24 | done file n. 236: 03_SS2-88-F_solo, 219 frames
2021-01-26 13:26:24 | start file n. 237
2021-01-26 13:26:42 | done file n. 174: 02_SS2-107-Ab_solo, 180 frames
2021-01-26 13:26:42 | start file n. 175
2021-01-26 13:26:57 | done file n. 197: 03_Funk2-108-Eb_comp, 178 frames
2021-01-26 13:26:57 | start file n. 198
2021-01-26 13:27:00 | done file n. 213: 03_Jazz3-137-Eb_comp, 141 frames
2021-01-26 13:27:00 | start file n. 214
2021-01-26 13:27:17 | done file n. 226: 03_Rock3-117-Bb_solo, 165 frames
2021-01-26 13:27:17 | start file n. 227
2021-01-26 13:27:39 | done file n. 214: 03_Jazz3-137-Eb_solo, 141 frames
2021-01-26 13:27:39 | start file n. 215
2021-01-26 13:27:53 | done file n. 198: 03_Funk2-108-Eb_solo, 178 frames
2021-01-26 13:27:53 | start file n. 253
2021-01-26 13:28:23 | done file n. 215: 03_Jazz3-150-C_comp, 128 frames
2021-01-26 13:28:23 | start file n. 216
2021-01-26 13:28:47 | done file n. 253: 04_Funk1-114-Ab_comp, 127 frames
2021-01-26 13:28:47 | start file n. 254
2021-01-26 13:28:52 | done file n. 216: 03_Jazz3-150-C_solo, 128 frames
2021-01-26 13:28:52 | start file n. 271
2021-01-26 13:29:12 | done file n. 227: 03_Rock3-148-C_comp, 130 frames
2021-01-26 13:29:12 | start file n. 228
2021-01-26 13:29:17 | done file n. 254: 04_Funk1-114-Ab_solo, 127 frames
2021-01-26 13:29:17 | start file n. 255
2021-01-26 13:29:36 | done file n. 271: 04_Jazz2-187-F#_comp, 103 frames
2021-01-26 13:29:36 | start file n. 272
2021-01-26 13:29:40 | done file n. 237: 03_SS3-84-Bb_comp, 229 frames
2021-01-26 13:29:40 | start file n. 238
2021-01-26 13:29:42 | done file n. 228: 03_Rock3-148-C_solo, 130 frames
2021-01-26 13:29:42 | start file n. 229
2021-01-26 13:29:42 | done file n. 175: 02_SS2-88-F_comp, 219 frames
2021-01-26 13:29:42 | start file n. 176
2021-01-26 13:29:53 | done file n. 255: 04_Funk1-97-C_comp, 149 frames
2021-01-26 13:29:53 | start file n. 256
2021-01-26 13:30:00 | done file n. 272: 04_Jazz2-187-F#_solo, 103 frames
2021-01-26 13:30:00 | start file n. 273
2021-01-26 13:30:33 | done file n. 256: 04_Funk1-97-C_solo, 149 frames
2021-01-26 13:30:33 | start file n. 257
2021-01-26 13:30:58 | done file n. 238: 03_SS3-84-Bb_solo, 229 frames
2021-01-26 13:30:58 | start file n. 239
2021-01-26 13:31:21 | done file n. 176: 02_SS2-88-F_solo, 219 frames
2021-01-26 13:31:21 | start file n. 177
2021-01-26 13:31:25 | done file n. 273: 04_Jazz3-137-Eb_comp, 141 frames
2021-01-26 13:31:25 | start file n. 274
2021-01-26 13:31:59 | done file n. 229: 03_SS1-100-C#_comp, 144 frames
2021-01-26 13:31:59 | start file n. 230
2021-01-26 13:32:05 | done file n. 274: 04_Jazz3-137-Eb_solo, 141 frames
2021-01-26 13:32:05 | start file n. 275
2021-01-26 13:32:33 | done file n. 257: 04_Funk2-108-Eb_comp, 178 frames
2021-01-26 13:32:33 | start file n. 258
2021-01-26 13:32:52 | done file n. 230: 03_SS1-100-C#_solo, 144 frames
2021-01-26 13:32:52 | start file n. 231
2021-01-26 13:33:08 | done file n. 275: 04_Jazz3-150-C_comp, 128 frames
2021-01-26 13:33:08 | start file n. 276
2021-01-26 13:33:35 | done file n. 258: 04_Funk2-108-Eb_solo, 178 frames
2021-01-26 13:33:35 | start file n. 259
2021-01-26 13:33:39 | done file n. 276: 04_Jazz3-150-C_solo, 128 frames
2021-01-26 13:33:39 | start file n. 277
2021-01-26 13:34:28 | done file n. 277: 04_Rock1-130-A_comp, 111 frames
2021-01-26 13:34:28 | start file n. 278
2021-01-26 13:34:54 | done file n. 278: 04_Rock1-130-A_solo, 111 frames
2021-01-26 13:34:54 | start file n. 279
2021-01-26 13:35:22 | done file n. 239: 03_SS3-98-C_comp, 196 frames
2021-01-26 13:35:22 | start file n. 240
2021-01-26 13:35:23 | done file n. 259: 04_Funk2-119-G_comp, 162 frames
2021-01-26 13:35:23 | start file n. 260
2021-01-26 13:36:10 | done file n. 260: 04_Funk2-119-G_solo, 162 frames
2021-01-26 13:36:10 | start file n. 261
2021-01-26 13:36:28 | done file n. 240: 03_SS3-98-C_solo, 196 frames
2021-01-26 13:36:28 | start file n. 241
2021-01-26 13:36:35 | done file n. 177: 02_SS3-84-Bb_comp, 229 frames
2021-01-26 13:36:35 | start file n. 178
2021-01-26 13:36:39 | done file n. 231: 03_SS1-68-E_comp, 212 frames
2021-01-26 13:36:39 | start file n. 232
2021-01-26 13:36:56 | done file n. 279: 04_Rock1-90-C#_comp, 160 frames
2021-01-26 13:36:56 | start file n. 280
2021-01-26 13:37:18 | done file n. 241: 04_BN1-129-Eb_comp, 112 frames
2021-01-26 13:37:18 | start file n. 242
2021-01-26 13:37:37 | done file n. 280: 04_Rock1-90-C#_solo, 160 frames
2021-01-26 13:37:37 | start file n. 281
2021-01-26 13:37:46 | done file n. 242: 04_BN1-129-Eb_solo, 112 frames
2021-01-26 13:37:46 | start file n. 243
2021-01-26 13:37:51 | done file n. 232: 03_SS1-68-E_solo, 212 frames
2021-01-26 13:37:51 | start file n. 233
2021-01-26 13:38:21 | done file n. 178: 02_SS3-84-Bb_solo, 229 frames
2021-01-26 13:38:21 | start file n. 179
2021-01-26 13:38:32 | done file n. 243: 04_BN1-147-Gb_comp, 98 frames
2021-01-26 13:38:32 | start file n. 244
2021-01-26 13:38:35 | done file n. 261: 04_Funk3-112-C#_comp, 172 frames
2021-01-26 13:38:35 | start file n. 262
2021-01-26 13:38:56 | done file n. 244: 04_BN1-147-Gb_solo, 98 frames
2021-01-26 13:38:56 | start file n. 245
2021-01-26 13:39:29 | done file n. 262: 04_Funk3-112-C#_solo, 172 frames
2021-01-26 13:39:29 | start file n. 263
2021-01-26 13:39:40 | done file n. 281: 04_Rock2-142-D_comp, 136 frames
2021-01-26 13:39:40 | start file n. 282
2021-01-26 13:40:14 | done file n. 282: 04_Rock2-142-D_solo, 136 frames
2021-01-26 13:40:14 | start file n. 283
2021-01-26 13:40:16 | done file n. 245: 04_BN2-131-B_comp, 147 frames
2021-01-26 13:40:16 | start file n. 246
2021-01-26 13:40:44 | done file n. 233: 03_SS2-107-Ab_comp, 180 frames
2021-01-26 13:40:44 | start file n. 234
2021-01-26 13:40:59 | done file n. 246: 04_BN2-131-B_solo, 147 frames
2021-01-26 13:40:59 | start file n. 247
2021-01-26 13:41:29 | done file n. 179: 02_SS3-98-C_comp, 196 frames
2021-01-26 13:41:29 | start file n. 180
2021-01-26 13:41:32 | done file n. 234: 03_SS2-107-Ab_solo, 180 frames
2021-01-26 13:41:32 | start file n. 289
2021-01-26 13:41:55 | done file n. 247: 04_BN2-166-Ab_comp, 116 frames
2021-01-26 13:41:55 | start file n. 248
2021-01-26 13:42:08 | done file n. 263: 04_Funk3-98-A_comp, 196 frames
2021-01-26 13:42:08 | start file n. 264
2021-01-26 13:42:23 | done file n. 248: 04_BN2-166-Ab_solo, 116 frames
2021-01-26 13:42:23 | start file n. 249
2021-01-26 13:42:44 | done file n. 180: 02_SS3-98-C_solo, 196 frames
2021-01-26 13:42:44 | start file n. 307
2021-01-26 13:43:09 | done file n. 289: 04_SS1-100-C#_comp, 144 frames
2021-01-26 13:43:09 | start file n. 290
2021-01-26 13:43:14 | done file n. 264: 04_Funk3-98-A_solo, 196 frames
2021-01-26 13:43:14 | start file n. 265
2021-01-26 13:43:41 | done file n. 307: 05_BN2-166-Ab_comp, 116 frames
2021-01-26 13:43:41 | start file n. 308
2021-01-26 13:43:43 | done file n. 290: 04_SS1-100-C#_solo, 144 frames
2021-01-26 13:43:43 | start file n. 291
2021-01-26 13:43:49 | done file n. 249: 04_BN3-119-G_comp, 162 frames
2021-01-26 13:43:49 | start file n. 250
2021-01-26 13:44:00 | done file n. 283: 04_Rock2-85-F_comp, 226 frames
2021-01-26 13:44:00 | start file n. 284
2021-01-26 13:44:09 | done file n. 308: 05_BN2-166-Ab_solo, 116 frames
2021-01-26 13:44:09 | start file n. 309
2021-01-26 13:44:16 | done file n. 265: 04_Jazz1-130-D_comp, 111 frames
2021-01-26 13:44:16 | start file n. 266
2021-01-26 13:44:39 | done file n. 250: 04_BN3-119-G_solo, 162 frames
2021-01-26 13:44:39 | start file n. 251
2021-01-26 13:44:40 | done file n. 266: 04_Jazz1-130-D_solo, 111 frames
2021-01-26 13:44:40 | start file n. 267
2021-01-26 13:45:05 | done file n. 267: 04_Jazz1-200-B_comp, 72 frames
2021-01-26 13:45:05 | start file n. 268
2021-01-26 13:45:20 | done file n. 268: 04_Jazz1-200-B_solo, 72 frames
2021-01-26 13:45:20 | start file n. 269
2021-01-26 13:45:23 | done file n. 284: 04_Rock2-85-F_solo, 226 frames
2021-01-26 13:45:23 | start file n. 285
2021-01-26 13:45:34 | done file n. 251: 04_BN3-154-E_comp, 125 frames
2021-01-26 13:45:34 | start file n. 252
2021-01-26 13:45:51 | done file n. 309: 05_BN3-119-G_comp, 162 frames
2021-01-26 13:45:51 | start file n. 310
2021-01-26 13:46:07 | done file n. 252: 04_BN3-154-E_solo, 125 frames
2021-01-26 13:46:07 | start file n. 325
2021-01-26 13:46:35 | done file n. 310: 05_BN3-119-G_solo, 162 frames
2021-01-26 13:46:35 | start file n. 311
2021-01-26 13:46:49 | done file n. 325: 05_Jazz1-130-D_comp, 111 frames
2021-01-26 13:46:49 | start file n. 326
2021-01-26 13:47:12 | done file n. 326: 05_Jazz1-130-D_solo, 111 frames
2021-01-26 13:47:12 | start file n. 327
2021-01-26 13:47:38 | done file n. 327: 05_Jazz1-200-B_comp, 72 frames
2021-01-26 13:47:38 | start file n. 328
2021-01-26 13:47:42 | done file n. 311: 05_BN3-154-E_comp, 125 frames
2021-01-26 13:47:42 | start file n. 312
2021-01-26 13:47:46 | done file n. 269: 04_Jazz2-110-Bb_comp, 175 frames
2021-01-26 13:47:46 | start file n. 270
2021-01-26 13:47:51 | done file n. 328: 05_Jazz1-200-B_solo, 72 frames
2021-01-26 13:47:51 | start file n. 329
2021-01-26 13:48:11 | done file n. 312: 05_BN3-154-E_solo, 125 frames
2021-01-26 13:48:11 | start file n. 313
2021-01-26 13:48:40 | done file n. 270: 04_Jazz2-110-Bb_solo, 175 frames
2021-01-26 13:48:40 | start file n. 343
2021-01-26 13:48:46 | done file n. 285: 04_Rock3-117-Bb_comp, 165 frames
2021-01-26 13:48:46 | start file n. 286
2021-01-26 13:48:56 | done file n. 313: 05_Funk1-114-Ab_comp, 127 frames
2021-01-26 13:48:56 | start file n. 314
2021-01-26 13:49:17 | done file n. 314: 05_Funk1-114-Ab_solo, 127 frames
2021-01-26 13:49:17 | start file n. 315
2021-01-26 13:49:42 | done file n. 286: 04_Rock3-117-Bb_solo, 165 frames
2021-01-26 13:49:42 | start file n. 287
2021-01-26 13:49:56 | done file n. 329: 05_Jazz2-110-Bb_comp, 175 frames
2021-01-26 13:49:56 | start file n. 330
2021-01-26 13:50:22 | done file n. 315: 05_Funk1-97-C_comp, 149 frames
2021-01-26 13:50:22 | start file n. 316
2021-01-26 13:50:54 | done file n. 330: 05_Jazz2-110-Bb_solo, 175 frames
2021-01-26 13:50:54 | start file n. 331
2021-01-26 13:50:59 | done file n. 316: 05_Funk1-97-C_solo, 149 frames
2021-01-26 13:50:59 | start file n. 317
2021-01-26 13:51:16 | done file n. 287: 04_Rock3-148-C_comp, 130 frames
2021-01-26 13:51:16 | start file n. 288
2021-01-26 13:51:44 | done file n. 331: 05_Jazz2-187-F#_comp, 103 frames
2021-01-26 13:51:44 | start file n. 332
2021-01-26 13:51:49 | done file n. 288: 04_Rock3-148-C_solo, 130 frames
2021-01-26 13:52:04 | done file n. 332: 05_Jazz2-187-F#_solo, 103 frames
2021-01-26 13:52:04 | start file n. 333
2021-01-26 13:52:38 | done file n. 317: 05_Funk2-108-Eb_comp, 178 frames
2021-01-26 13:52:38 | start file n. 318
2021-01-26 13:52:41 | done file n. 343: 05_Rock2-85-F_comp, 226 frames
2021-01-26 13:52:41 | start file n. 344
2021-01-26 13:53:08 | done file n. 291: 04_SS1-68-E_comp, 212 frames
2021-01-26 13:53:08 | start file n. 292
2021-01-26 13:53:16 | done file n. 333: 05_Jazz3-137-Eb_comp, 141 frames
2021-01-26 13:53:16 | start file n. 334
2021-01-26 13:53:27 | done file n. 318: 05_Funk2-108-Eb_solo, 178 frames
2021-01-26 13:53:27 | start file n. 319
2021-01-26 13:53:45 | done file n. 344: 05_Rock2-85-F_solo, 226 frames
2021-01-26 13:53:45 | start file n. 345
2021-01-26 13:53:51 | done file n. 334: 05_Jazz3-137-Eb_solo, 141 frames
2021-01-26 13:53:51 | start file n. 335
2021-01-26 13:54:15 | done file n. 292: 04_SS1-68-E_solo, 212 frames
2021-01-26 13:54:15 | start file n. 293
2021-01-26 13:54:19 | done file n. 319: 05_Funk2-119-G_comp, 162 frames
2021-01-26 13:54:19 | start file n. 320
2021-01-26 13:54:49 | done file n. 335: 05_Jazz3-150-C_comp, 128 frames
2021-01-26 13:54:49 | start file n. 336
2021-01-26 13:55:01 | done file n. 320: 05_Funk2-119-G_solo, 162 frames
2021-01-26 13:55:01 | start file n. 321
2021-01-26 13:55:17 | done file n. 336: 05_Jazz3-150-C_solo, 128 frames
2021-01-26 13:55:17 | start file n. 337
2021-01-26 13:56:16 | done file n. 321: 05_Funk3-112-C#_comp, 172 frames
2021-01-26 13:56:16 | start file n. 322
2021-01-26 13:56:26 | done file n. 345: 05_Rock3-117-Bb_comp, 165 frames
2021-01-26 13:56:26 | start file n. 346
2021-01-26 13:56:27 | done file n. 337: 05_Rock1-130-A_comp, 111 frames
2021-01-26 13:56:27 | start file n. 338
2021-01-26 13:56:40 | done file n. 293: 04_SS2-107-Ab_comp, 180 frames
2021-01-26 13:56:40 | start file n. 294
2021-01-26 13:56:50 | done file n. 338: 05_Rock1-130-A_solo, 111 frames
2021-01-26 13:56:50 | start file n. 339
2021-01-26 13:57:06 | done file n. 322: 05_Funk3-112-C#_solo, 172 frames
2021-01-26 13:57:06 | start file n. 323
2021-01-26 13:57:14 | done file n. 346: 05_Rock3-117-Bb_solo, 165 frames
2021-01-26 13:57:14 | start file n. 347
2021-01-26 13:57:34 | done file n. 294: 04_SS2-107-Ab_solo, 180 frames
2021-01-26 13:57:34 | start file n. 295
2021-01-26 13:58:22 | done file n. 347: 05_Rock3-148-C_comp, 130 frames
2021-01-26 13:58:22 | start file n. 348
2021-01-26 13:58:26 | done file n. 323: 05_Funk3-98-A_comp, 196 frames
2021-01-26 13:58:26 | start file n. 324
2021-01-26 13:58:52 | done file n. 348: 05_Rock3-148-C_solo, 130 frames
2021-01-26 13:58:52 | start file n. 349
2021-01-26 13:59:20 | done file n. 324: 05_Funk3-98-A_solo, 196 frames
2021-01-26 13:59:23 | done file n. 339: 05_Rock1-90-C#_comp, 160 frames
2021-01-26 13:59:23 | start file n. 340
2021-01-26 14:00:00 | done file n. 340: 05_Rock1-90-C#_solo, 160 frames
2021-01-26 14:00:00 | start file n. 341
2021-01-26 14:00:32 | done file n. 349: 05_SS1-100-C#_comp, 144 frames
2021-01-26 14:00:32 | start file n. 350
2021-01-26 14:01:00 | done file n. 350: 05_SS1-100-C#_solo, 144 frames
2021-01-26 14:01:00 | start file n. 351
2021-01-26 14:01:41 | done file n. 295: 04_SS2-88-F_comp, 219 frames
2021-01-26 14:01:41 | start file n. 296
2021-01-26 14:02:08 | done file n. 341: 05_Rock2-142-D_comp, 136 frames
2021-01-26 14:02:08 | start file n. 342
2021-01-26 14:02:37 | done file n. 342: 05_Rock2-142-D_solo, 136 frames
2021-01-26 14:02:57 | done file n. 296: 04_SS2-88-F_solo, 219 frames
2021-01-26 14:02:57 | start file n. 297
2021-01-26 14:03:49 | done file n. 351: 05_SS1-68-E_comp, 212 frames
2021-01-26 14:03:49 | start file n. 352
2021-01-26 14:04:41 | done file n. 352: 05_SS1-68-E_solo, 212 frames
2021-01-26 14:04:41 | start file n. 353
2021-01-26 14:06:52 | done file n. 353: 05_SS2-107-Ab_comp, 180 frames
2021-01-26 14:06:52 | start file n. 354
2021-01-26 14:07:22 | done file n. 297: 04_SS3-84-Bb_comp, 229 frames
2021-01-26 14:07:22 | start file n. 298
2021-01-26 14:07:44 | done file n. 354: 05_SS2-107-Ab_solo, 180 frames
2021-01-26 14:07:44 | start file n. 355
2021-01-26 14:08:43 | done file n. 298: 04_SS3-84-Bb_solo, 229 frames
2021-01-26 14:08:43 | start file n. 299
2021-01-26 14:11:35 | done file n. 355: 05_SS2-88-F_comp, 219 frames
2021-01-26 14:11:35 | start file n. 356
2021-01-26 14:12:00 | done file n. 299: 04_SS3-98-C_comp, 196 frames
2021-01-26 14:12:00 | start file n. 300
2021-01-26 14:12:41 | done file n. 356: 05_SS2-88-F_solo, 219 frames
2021-01-26 14:12:41 | start file n. 357
2021-01-26 14:12:57 | done file n. 300: 04_SS3-98-C_solo, 196 frames
2021-01-26 14:12:57 | start file n. 301
2021-01-26 14:13:47 | done file n. 301: 05_BN1-129-Eb_comp, 112 frames
2021-01-26 14:13:47 | start file n. 302
2021-01-26 14:14:10 | done file n. 302: 05_BN1-129-Eb_solo, 112 frames
2021-01-26 14:14:10 | start file n. 303
2021-01-26 14:14:46 | done file n. 303: 05_BN1-147-Gb_comp, 98 frames
2021-01-26 14:14:46 | start file n. 304
2021-01-26 14:15:00 | done file n. 304: 05_BN1-147-Gb_solo, 98 frames
2021-01-26 14:15:00 | start file n. 305
2021-01-26 14:15:45 | done file n. 357: 05_SS3-84-Bb_comp, 229 frames
2021-01-26 14:15:45 | start file n. 358
2021-01-26 14:16:29 | done file n. 305: 05_BN2-131-B_comp, 147 frames
2021-01-26 14:16:29 | start file n. 306
2021-01-26 14:17:00 | done file n. 306: 05_BN2-131-B_solo, 147 frames
2021-01-26 14:17:02 | done file n. 358: 05_SS3-84-Bb_solo, 229 frames
2021-01-26 14:17:02 | start file n. 359
2021-01-26 14:19:58 | done file n. 359: 05_SS3-98-C_comp, 196 frames
2021-01-26 14:19:58 | start file n. 360
2021-01-26 14:20:55 | done file n. 360: 05_SS3-98-C_solo, 196 frames
2021-01-26 19:00:06 | *****************************
2021-01-26 19:00:06 | ***** INIT NEW DATA GEN *****
2021-01-26 19:00:06 | *****************************
2021-01-26 19:00:06 | ***** INIT NEW DATA GEN *****
2021-01-26 19:00:06 | *****************************
2021-01-26 19:00:06 | *****************************
2021-01-26 19:00:06 | start file n. 1
2021-01-26 19:00:06 | start file n. 19
2021-01-26 19:00:06 | *****************************
2021-01-26 19:00:06 | ***** INIT NEW DATA GEN *****
2021-01-26 19:00:06 | *****************************
2021-01-26 19:00:06 | start file n. 37
2021-01-26 19:00:06 | *****************************
2021-01-26 19:00:06 | ***** INIT NEW DATA GEN *****
2021-01-26 19:00:06 | *****************************
2021-01-26 19:00:06 | start file n. 55
2021-01-26 19:00:06 | *****************************
2021-01-26 19:00:06 | ***** INIT NEW DATA GEN *****
2021-01-26 19:00:06 | *****************************
2021-01-26 19:00:06 | start file n. 73
2021-01-26 19:00:32 | *****************************
2021-01-26 19:00:32 | *****************************
2021-01-26 19:00:32 | ***** INIT NEW DATA GEN *****
2021-01-26 19:00:32 | ***** INIT NEW DATA GEN *****
2021-01-26 19:00:32 | *****************************
2021-01-26 19:00:32 | *****************************
2021-01-26 19:00:32 | start file n. 109
2021-01-26 19:00:32 | start file n. 91
2021-01-26 19:00:32 | *****************************
2021-01-26 19:00:32 | ***** INIT NEW DATA GEN *****
2021-01-26 19:00:32 | *****************************
2021-01-26 19:00:32 | start file n. 127
2021-01-26 19:00:32 | *****************************
2021-01-26 19:00:32 | ***** INIT NEW DATA GEN *****
2021-01-26 19:00:32 | *****************************
2021-01-26 19:00:32 | ***** INIT NEW DATA GEN *****
2021-01-26 19:00:32 | *****************************
2021-01-26 19:00:32 | start file n. 145
2021-01-26 19:00:32 | *****************************
2021-01-26 19:00:32 | start file n. 163
2021-01-26 19:02:32 | start file n. 1
2021-01-26 19:02:32 | start file n. 19
2021-01-26 19:02:32 | start file n. 37
2021-01-26 19:02:32 | start file n. 55
2021-01-26 19:02:32 | start file n. 73
2021-01-26 19:03:21 | done file n. 73: 01_Funk1-114-Ab_comp, 127 frames
2021-01-26 19:03:21 | start file n. 74
2021-01-26 19:03:41 | done file n. 1: 00_BN1-129-Eb_comp, 112 frames
2021-01-26 19:03:41 | start file n. 2
2021-01-26 19:03:56 | done file n. 74: 01_Funk1-114-Ab_solo, 127 frames
2021-01-26 19:03:56 | start file n. 75
2021-01-26 19:04:23 | done file n. 2: 00_BN1-129-Eb_solo, 112 frames
2021-01-26 19:04:23 | start file n. 3
2021-01-26 19:04:25 | done file n. 37: 00_Rock1-130-A_comp, 111 frames
2021-01-26 19:04:25 | start file n. 38
