2021-02-26 01:48:30 | ###############################
2021-02-26 01:48:30 | ###### INIT NEW DATA GEN ######
2021-02-26 01:48:30 | ###############################
2021-02-26 01:48:33 | start file n. 1
2021-02-26 01:48:33 | start file n. 19
2021-02-26 01:48:33 | start file n. 37
2021-02-26 01:48:33 | start file n. 55
2021-02-26 01:48:33 | start file n. 73
2021-02-26 01:48:36 | done file n. 73: 01_Funk1-114-Ab_comp, 1088 frames
2021-02-26 01:48:36 | start file n. 74
2021-02-26 01:48:36 | done file n. 1: 00_BN1-129-Eb_comp, 962 frames
2021-02-26 01:48:36 | start file n. 2
2021-02-26 01:48:37 | done file n. 37: 00_Rock1-130-A_comp, 954 frames
2021-02-26 01:48:37 | start file n. 38
2021-02-26 01:48:38 | done file n. 74: 01_Funk1-114-Ab_solo, 1088 frames
2021-02-26 01:48:38 | start file n. 75
2021-02-26 01:48:38 | done file n. 2: 00_BN1-129-Eb_solo, 962 frames
2021-02-26 01:48:38 | start file n. 3
2021-02-26 01:48:38 | done file n. 19: 00_Funk2-119-G_comp, 1390 frames
2021-02-26 01:48:38 | start file n. 20
2021-02-26 01:48:38 | done file n. 38: 00_Rock1-130-A_solo, 954 frames
2021-02-26 01:48:38 | start file n. 39
2021-02-26 01:48:38 | done file n. 55: 00_SS2-88-F_comp, 1879 frames
2021-02-26 01:48:38 | start file n. 56
2021-02-26 01:48:40 | done file n. 3: 00_BN1-147-Gb_comp, 844 frames
2021-02-26 01:48:40 | start file n. 4
2021-02-26 01:48:40 | done file n. 20: 00_Funk2-119-G_solo, 1390 frames
2021-02-26 01:48:40 | done file n. 75: 01_Funk1-97-C_comp, 1279 frames
2021-02-26 01:48:40 | start file n. 21
2021-02-26 01:48:40 | start file n. 76
2021-02-26 01:48:42 | done file n. 4: 00_BN1-147-Gb_solo, 844 frames
2021-02-26 01:48:42 | start file n. 5
2021-02-26 01:48:43 | done file n. 56: 00_SS2-88-F_solo, 1879 frames
2021-02-26 01:48:43 | start file n. 57
2021-02-26 01:48:43 | done file n. 76: 01_Funk1-97-C_solo, 1279 frames
2021-02-26 01:48:43 | start file n. 77
2021-02-26 01:48:43 | done file n. 39: 00_Rock1-90-C#_comp, 1379 frames
2021-02-26 01:48:43 | start file n. 40
2021-02-26 01:48:46 | done file n. 21: 00_Funk3-112-C#_comp, 1477 frames
2021-02-26 01:48:46 | done file n. 5: 00_BN2-131-B_comp, 1263 frames
2021-02-26 01:48:46 | start file n. 22
2021-02-26 01:48:46 | start file n. 6
2021-02-26 01:48:47 | done file n. 77: 01_Funk2-108-Eb_comp, 1531 frames
2021-02-26 01:48:47 | start file n. 78
2021-02-26 01:48:47 | done file n. 40: 00_Rock1-90-C#_solo, 1379 frames
2021-02-26 01:48:47 | start file n. 41
2021-02-26 01:48:48 | done file n. 6: 00_BN2-131-B_solo, 1263 frames
2021-02-26 01:48:48 | start file n. 7
2021-02-26 01:48:49 | done file n. 57: 00_SS3-84-Bb_comp, 1969 frames
2021-02-26 01:48:49 | start file n. 58
2021-02-26 01:48:49 | done file n. 22: 00_Funk3-112-C#_solo, 1477 frames
2021-02-26 01:48:49 | start file n. 23
2021-02-26 01:48:49 | done file n. 78: 01_Funk2-108-Eb_solo, 1531 frames
2021-02-26 01:48:49 | start file n. 79
2021-02-26 01:48:50 | done file n. 7: 00_BN2-166-Ab_comp, 997 frames
2021-02-26 01:48:50 | start file n. 8
2021-02-26 01:48:51 | done file n. 41: 00_Rock2-142-D_comp, 1165 frames
2021-02-26 01:48:51 | start file n. 42
2021-02-26 01:48:51 | done file n. 79: 01_Funk2-119-G_comp, 1390 frames
2021-02-26 01:48:51 | start file n. 80
2021-02-26 01:48:52 | done file n. 58: 00_SS3-84-Bb_solo, 1969 frames
2021-02-26 01:48:52 | start file n. 59
2021-02-26 01:48:52 | done file n. 8: 00_BN2-166-Ab_solo, 997 frames
2021-02-26 01:48:52 | start file n. 9
2021-02-26 01:48:53 | done file n. 42: 00_Rock2-142-D_solo, 1165 frames
2021-02-26 01:48:53 | start file n. 43
2021-02-26 01:48:53 | done file n. 23: 00_Funk3-98-A_comp, 1688 frames
2021-02-26 01:48:53 | start file n. 24
2021-02-26 01:48:53 | done file n. 80: 01_Funk2-119-G_solo, 1390 frames
2021-02-26 01:48:53 | start file n. 81
2021-02-26 01:48:55 | done file n. 9: 00_BN3-119-G_comp, 1390 frames
2021-02-26 01:48:55 | start file n. 10
2021-02-26 01:48:56 | done file n. 24: 00_Funk3-98-A_solo, 1688 frames
2021-02-26 01:48:56 | start file n. 25
2021-02-26 01:48:56 | done file n. 81: 01_Funk3-112-C#_comp, 1477 frames
2021-02-26 01:48:56 | start file n. 82
2021-02-26 01:48:57 | done file n. 59: 00_SS3-98-C_comp, 1688 frames
2021-02-26 01:48:57 | start file n. 60
2021-02-26 01:48:58 | done file n. 10: 00_BN3-119-G_solo, 1390 frames
2021-02-26 01:48:58 | start file n. 11
2021-02-26 01:48:58 | done file n. 43: 00_Rock2-85-F_comp, 1946 frames
2021-02-26 01:48:58 | start file n. 44
2021-02-26 01:48:58 | done file n. 82: 01_Funk3-112-C#_solo, 1477 frames
2021-02-26 01:48:58 | start file n. 83
2021-02-26 01:48:58 | done file n. 25: 00_Jazz1-130-D_comp, 954 frames
2021-02-26 01:48:58 | start file n. 26
2021-02-26 01:49:00 | done file n. 11: 00_BN3-154-E_comp, 1074 frames
2021-02-26 01:49:00 | start file n. 12
2021-02-26 01:49:00 | done file n. 26: 00_Jazz1-130-D_solo, 954 frames
2021-02-26 01:49:00 | start file n. 27
2021-02-26 01:49:00 | done file n. 60: 00_SS3-98-C_solo, 1688 frames
2021-02-26 01:49:00 | start file n. 61
2021-02-26 01:49:01 | done file n. 83: 01_Funk3-98-A_comp, 1688 frames
2021-02-26 01:49:01 | start file n. 84
2021-02-26 01:49:01 | done file n. 27: 00_Jazz1-200-B_comp, 621 frames
2021-02-26 01:49:01 | start file n. 28
2021-02-26 01:49:02 | done file n. 12: 00_BN3-154-E_solo, 1074 frames
2021-02-26 01:49:02 | start file n. 13
2021-02-26 01:49:02 | done file n. 44: 00_Rock2-85-F_solo, 1946 frames
2021-02-26 01:49:02 | start file n. 45
2021-02-26 01:49:02 | done file n. 61: 01_BN1-129-Eb_comp, 962 frames
2021-02-26 01:49:02 | start file n. 62
2021-02-26 01:49:02 | done file n. 28: 00_Jazz1-200-B_solo, 621 frames
2021-02-26 01:49:02 | start file n. 29
2021-02-26 01:49:03 | done file n. 62: 01_BN1-129-Eb_solo, 962 frames
2021-02-26 01:49:03 | start file n. 63
2021-02-26 01:49:03 | done file n. 84: 01_Funk3-98-A_solo, 1688 frames
2021-02-26 01:49:03 | start file n. 85
2021-02-26 01:49:04 | done file n. 13: 00_Funk1-114-Ab_comp, 1088 frames
2021-02-26 01:49:04 | start file n. 14
2021-02-26 01:49:05 | done file n. 63: 01_BN1-147-Gb_comp, 844 frames
2021-02-26 01:49:05 | start file n. 64
2021-02-26 01:49:05 | done file n. 85: 01_Jazz1-130-D_comp, 954 frames
2021-02-26 01:49:05 | start file n. 86
2021-02-26 01:49:05 | done file n. 45: 00_Rock3-117-Bb_comp, 1414 frames
2021-02-26 01:49:05 | start file n. 46
2021-02-26 01:49:05 | done file n. 14: 00_Funk1-114-Ab_solo, 1088 frames
2021-02-26 01:49:05 | start file n. 15
2021-02-26 01:49:06 | done file n. 29: 00_Jazz2-110-Bb_comp, 1504 frames
2021-02-26 01:49:06 | start file n. 30
2021-02-26 01:49:06 | done file n. 64: 01_BN1-147-Gb_solo, 844 frames
2021-02-26 01:49:06 | start file n. 65
2021-02-26 01:49:07 | done file n. 86: 01_Jazz1-130-D_solo, 954 frames
2021-02-26 01:49:07 | start file n. 87
2021-02-26 01:49:08 | done file n. 46: 00_Rock3-117-Bb_solo, 1414 frames
2021-02-26 01:49:08 | start file n. 47
2021-02-26 01:49:08 | done file n. 30: 00_Jazz2-110-Bb_solo, 1504 frames
2021-02-26 01:49:08 | start file n. 31
2021-02-26 01:49:08 | done file n. 87: 01_Jazz1-200-B_comp, 621 frames
2021-02-26 01:49:08 | start file n. 88
2021-02-26 01:49:08 | done file n. 15: 00_Funk1-97-C_comp, 1279 frames
2021-02-26 01:49:08 | start file n. 16
2021-02-26 01:49:09 | done file n. 88: 01_Jazz1-200-B_solo, 621 frames
2021-02-26 01:49:09 | start file n. 89
2021-02-26 01:49:09 | done file n. 65: 01_BN2-131-B_comp, 1263 frames
2021-02-26 01:49:09 | start file n. 66
2021-02-26 01:49:10 | done file n. 31: 00_Jazz2-187-F#_comp, 885 frames
2021-02-26 01:49:10 | start file n. 32
2021-02-26 01:49:10 | done file n. 16: 00_Funk1-97-C_solo, 1279 frames
2021-02-26 01:49:10 | start file n. 17
2021-02-26 01:49:11 | done file n. 66: 01_BN2-131-B_solo, 1263 frames
2021-02-26 01:49:11 | start file n. 67
2021-02-26 01:49:11 | done file n. 47: 00_Rock3-148-C_comp, 1118 frames
2021-02-26 01:49:11 | start file n. 48
2021-02-26 01:49:11 | done file n. 32: 00_Jazz2-187-F#_solo, 885 frames
2021-02-26 01:49:11 | start file n. 33
2021-02-26 01:49:12 | done file n. 89: 01_Jazz2-110-Bb_comp, 1504 frames
2021-02-26 01:49:12 | start file n. 90
2021-02-26 01:49:13 | done file n. 48: 00_Rock3-148-C_solo, 1118 frames
2021-02-26 01:49:13 | start file n. 49
2021-02-26 01:49:13 | done file n. 67: 01_BN2-166-Ab_comp, 997 frames
2021-02-26 01:49:13 | start file n. 68
2021-02-26 01:49:14 | done file n. 90: 01_Jazz2-110-Bb_solo, 1504 frames
2021-02-26 01:49:14 | start file n. 91
2021-02-26 01:49:14 | done file n. 33: 00_Jazz3-137-Eb_comp, 1207 frames
2021-02-26 01:49:14 | start file n. 34
2021-02-26 01:49:14 | done file n. 17: 00_Funk2-108-Eb_comp, 1531 frames
2021-02-26 01:49:14 | start file n. 18
2021-02-26 01:49:15 | done file n. 68: 01_BN2-166-Ab_solo, 997 frames
2021-02-26 01:49:15 | start file n. 69
2021-02-26 01:49:15 | done file n. 91: 01_Jazz2-187-F#_comp, 885 frames
2021-02-26 01:49:15 | start file n. 92
2021-02-26 01:49:16 | done file n. 49: 00_SS1-100-C#_comp, 1241 frames
2021-02-26 01:49:16 | start file n. 50
2021-02-26 01:49:17 | done file n. 34: 00_Jazz3-137-Eb_solo, 1207 frames
2021-02-26 01:49:17 | start file n. 35
2021-02-26 01:49:17 | done file n. 18: 00_Funk2-108-Eb_solo, 1531 frames
2021-02-26 01:49:17 | start file n. 109
2021-02-26 01:49:17 | done file n. 92: 01_Jazz2-187-F#_solo, 885 frames
2021-02-26 01:49:17 | start file n. 93
2021-02-26 01:49:18 | done file n. 69: 01_BN3-119-G_comp, 1390 frames
2021-02-26 01:49:18 | start file n. 70
2021-02-26 01:49:19 | done file n. 50: 00_SS1-100-C#_solo, 1241 frames
2021-02-26 01:49:19 | start file n. 51
2021-02-26 01:49:20 | done file n. 93: 01_Jazz3-137-Eb_comp, 1207 frames
2021-02-26 01:49:20 | start file n. 94
2021-02-26 01:49:21 | done file n. 35: 00_Jazz3-150-C_comp, 1103 frames
2021-02-26 01:49:21 | start file n. 36
2021-02-26 01:49:21 | done file n. 109: 01_SS1-100-C#_comp, 1241 frames
2021-02-26 01:49:21 | start file n. 110
2021-02-26 01:49:21 | done file n. 70: 01_BN3-119-G_solo, 1390 frames
2021-02-26 01:49:21 | start file n. 71
2021-02-26 01:49:23 | done file n. 94: 01_Jazz3-137-Eb_solo, 1207 frames
2021-02-26 01:49:23 | start file n. 95
2021-02-26 01:49:24 | done file n. 36: 00_Jazz3-150-C_solo, 1103 frames
2021-02-26 01:49:24 | done file n. 110: 01_SS1-100-C#_solo, 1241 frames
2021-02-26 01:49:24 | start file n. 127
2021-02-26 01:49:24 | start file n. 111
2021-02-26 01:49:25 | done file n. 71: 01_BN3-154-E_comp, 1074 frames
2021-02-26 01:49:25 | start file n. 72
2021-02-26 01:49:26 | done file n. 51: 00_SS1-68-E_comp, 1824 frames
2021-02-26 01:49:26 | start file n. 52
2021-02-26 01:49:26 | done file n. 95: 01_Jazz3-150-C_comp, 1103 frames
2021-02-26 01:49:26 | start file n. 96
2021-02-26 01:49:27 | done file n. 127: 02_BN2-166-Ab_comp, 997 frames
2021-02-26 01:49:27 | start file n. 128
2021-02-26 01:49:28 | done file n. 72: 01_BN3-154-E_solo, 1074 frames
2021-02-26 01:49:28 | start file n. 145
2021-02-26 01:49:28 | done file n. 96: 01_Jazz3-150-C_solo, 1103 frames
2021-02-26 01:49:28 | start file n. 97
2021-02-26 01:49:29 | done file n. 128: 02_BN2-166-Ab_solo, 997 frames
2021-02-26 01:49:29 | start file n. 129
2021-02-26 01:49:30 | done file n. 52: 00_SS1-68-E_solo, 1824 frames
2021-02-26 01:49:30 | start file n. 53
2021-02-26 01:49:31 | done file n. 97: 01_Rock1-130-A_comp, 954 frames
2021-02-26 01:49:31 | start file n. 98
2021-02-26 01:49:31 | done file n. 145: 02_Jazz1-130-D_comp, 954 frames
2021-02-26 01:49:31 | start file n. 146
2021-02-26 01:49:31 | done file n. 111: 01_SS1-68-E_comp, 1824 frames
2021-02-26 01:49:31 | start file n. 112
2021-02-26 01:49:33 | done file n. 98: 01_Rock1-130-A_solo, 954 frames
2021-02-26 01:49:33 | start file n. 99
2021-02-26 01:49:33 | done file n. 146: 02_Jazz1-130-D_solo, 954 frames
2021-02-26 01:49:33 | start file n. 147
2021-02-26 01:49:33 | done file n. 129: 02_BN3-119-G_comp, 1390 frames
2021-02-26 01:49:33 | start file n. 130
2021-02-26 01:49:34 | done file n. 112: 01_SS1-68-E_solo, 1824 frames
2021-02-26 01:49:34 | start file n. 113
2021-02-26 01:49:35 | done file n. 147: 02_Jazz1-200-B_comp, 621 frames
2021-02-26 01:49:35 | start file n. 148
2021-02-26 01:49:35 | done file n. 53: 00_SS2-107-Ab_comp, 1546 frames
2021-02-26 01:49:35 | start file n. 54
2021-02-26 01:49:36 | done file n. 130: 02_BN3-119-G_solo, 1390 frames
2021-02-26 01:49:36 | start file n. 131
2021-02-26 01:49:36 | done file n. 148: 02_Jazz1-200-B_solo, 621 frames
2021-02-26 01:49:36 | start file n. 149
2021-02-26 01:49:37 | done file n. 99: 01_Rock1-90-C#_comp, 1379 frames
2021-02-26 01:49:37 | start file n. 100
2021-02-26 01:49:38 | done file n. 113: 01_SS2-107-Ab_comp, 1546 frames
2021-02-26 01:49:38 | start file n. 114
2021-02-26 01:49:38 | done file n. 54: 00_SS2-107-Ab_solo, 1546 frames
2021-02-26 01:49:38 | start file n. 163
2021-02-26 01:49:39 | done file n. 131: 02_BN3-154-E_comp, 1074 frames
2021-02-26 01:49:39 | start file n. 132
2021-02-26 01:49:40 | done file n. 100: 01_Rock1-90-C#_solo, 1379 frames
2021-02-26 01:49:40 | start file n. 101
2021-02-26 01:49:40 | done file n. 114: 01_SS2-107-Ab_solo, 1546 frames
2021-02-26 01:49:40 | start file n. 115
2021-02-26 01:49:41 | done file n. 149: 02_Jazz2-110-Bb_comp, 1504 frames
2021-02-26 01:49:41 | done file n. 132: 02_BN3-154-E_solo, 1074 frames
2021-02-26 01:49:41 | start file n. 150
2021-02-26 01:49:41 | start file n. 133
2021-02-26 01:49:44 | done file n. 163: 02_Rock2-85-F_comp, 1946 frames
2021-02-26 01:49:44 | start file n. 164
2021-02-26 01:49:44 | done file n. 133: 02_Funk1-114-Ab_comp, 1088 frames
2021-02-26 01:49:44 | start file n. 134
2021-02-26 01:49:44 | done file n. 101: 01_Rock2-142-D_comp, 1165 frames
2021-02-26 01:49:44 | start file n. 102
2021-02-26 01:49:44 | done file n. 150: 02_Jazz2-110-Bb_solo, 1504 frames
2021-02-26 01:49:44 | start file n. 151
2021-02-26 01:49:46 | done file n. 115: 01_SS2-88-F_comp, 1879 frames
2021-02-26 01:49:46 | start file n. 116
2021-02-26 01:49:46 | done file n. 134: 02_Funk1-114-Ab_solo, 1088 frames
2021-02-26 01:49:47 | start file n. 135
2021-02-26 01:49:47 | done file n. 102: 01_Rock2-142-D_solo, 1165 frames
2021-02-26 01:49:47 | start file n. 103
2021-02-26 01:49:47 | done file n. 151: 02_Jazz2-187-F#_comp, 885 frames
2021-02-26 01:49:47 | start file n. 152
2021-02-26 01:49:48 | done file n. 164: 02_Rock2-85-F_solo, 1946 frames
2021-02-26 01:49:48 | start file n. 165
2021-02-26 01:49:49 | done file n. 152: 02_Jazz2-187-F#_solo, 885 frames
2021-02-26 01:49:49 | start file n. 153
2021-02-26 01:49:50 | done file n. 135: 02_Funk1-97-C_comp, 1279 frames
2021-02-26 01:49:50 | start file n. 136
2021-02-26 01:49:50 | done file n. 116: 01_SS2-88-F_solo, 1879 frames
2021-02-26 01:49:50 | start file n. 117
2021-02-26 01:49:52 | done file n. 165: 02_Rock3-117-Bb_comp, 1414 frames
2021-02-26 01:49:52 | done file n. 136: 02_Funk1-97-C_solo, 1279 frames
2021-02-26 01:49:52 | start file n. 166
2021-02-26 01:49:52 | start file n. 137
2021-02-26 01:49:53 | done file n. 153: 02_Jazz3-137-Eb_comp, 1207 frames
2021-02-26 01:49:53 | start file n. 154
2021-02-26 01:49:53 | done file n. 103: 01_Rock2-85-F_comp, 1946 frames
2021-02-26 01:49:53 | start file n. 104
2021-02-26 01:49:55 | done file n. 166: 02_Rock3-117-Bb_solo, 1414 frames
2021-02-26 01:49:55 | start file n. 167
2021-02-26 01:49:55 | done file n. 154: 02_Jazz3-137-Eb_solo, 1207 frames
2021-02-26 01:49:55 | start file n. 155
2021-02-26 01:49:56 | done file n. 137: 02_Funk2-108-Eb_comp, 1531 frames
2021-02-26 01:49:56 | start file n. 138
2021-02-26 01:49:57 | done file n. 117: 01_SS3-84-Bb_comp, 1969 frames
2021-02-26 01:49:57 | start file n. 118
2021-02-26 01:49:57 | done file n. 104: 01_Rock2-85-F_solo, 1946 frames
2021-02-26 01:49:57 | start file n. 105
2021-02-26 01:49:58 | done file n. 167: 02_Rock3-148-C_comp, 1118 frames
2021-02-26 01:49:58 | start file n. 168
2021-02-26 01:49:58 | done file n. 138: 02_Funk2-108-Eb_solo, 1531 frames
2021-02-26 01:49:58 | start file n. 139
2021-02-26 01:49:59 | done file n. 155: 02_Jazz3-150-C_comp, 1103 frames
2021-02-26 01:49:59 | start file n. 156
2021-02-26 01:50:00 | done file n. 168: 02_Rock3-148-C_solo, 1118 frames
2021-02-26 01:50:00 | start file n. 169
2021-02-26 01:50:01 | done file n. 118: 01_SS3-84-Bb_solo, 1969 frames
2021-02-26 01:50:01 | start file n. 119
2021-02-26 01:50:01 | done file n. 156: 02_Jazz3-150-C_solo, 1103 frames
2021-02-26 01:50:01 | start file n. 157
2021-02-26 01:50:01 | done file n. 139: 02_Funk2-119-G_comp, 1390 frames
2021-02-26 01:50:02 | start file n. 140
2021-02-26 01:50:02 | done file n. 105: 01_Rock3-117-Bb_comp, 1414 frames
2021-02-26 01:50:02 | start file n. 106
2021-02-26 01:50:04 | done file n. 106: 01_Rock3-117-Bb_solo, 1414 frames
2021-02-26 01:50:04 | start file n. 107
2021-02-26 01:50:04 | done file n. 140: 02_Funk2-119-G_solo, 1390 frames
2021-02-26 01:50:04 | start file n. 141
2021-02-26 01:50:04 | done file n. 157: 02_Rock1-130-A_comp, 954 frames
2021-02-26 01:50:04 | start file n. 158
2021-02-26 01:50:05 | done file n. 169: 02_SS1-100-C#_comp, 1241 frames
2021-02-26 01:50:05 | start file n. 170
2021-02-26 01:50:06 | done file n. 158: 02_Rock1-130-A_solo, 954 frames
2021-02-26 01:50:06 | start file n. 159
2021-02-26 01:50:06 | done file n. 107: 01_Rock3-148-C_comp, 1118 frames
2021-02-26 01:50:07 | start file n. 108
2021-02-26 01:50:07 | done file n. 170: 02_SS1-100-C#_solo, 1241 frames
2021-02-26 01:50:07 | start file n. 171
2021-02-26 01:50:08 | done file n. 141: 02_Funk3-112-C#_comp, 1477 frames
2021-02-26 01:50:08 | start file n. 142
2021-02-26 01:50:08 | done file n. 119: 01_SS3-98-C_comp, 1688 frames
2021-02-26 01:50:08 | start file n. 120
2021-02-26 01:50:09 | done file n. 108: 01_Rock3-148-C_solo, 1118 frames
2021-02-26 01:50:09 | start file n. 181
2021-02-26 01:50:11 | done file n. 159: 02_Rock1-90-C#_comp, 1379 frames
2021-02-26 01:50:11 | start file n. 160
2021-02-26 01:50:11 | done file n. 142: 02_Funk3-112-C#_solo, 1477 frames
2021-02-26 01:50:11 | start file n. 143
2021-02-26 01:50:11 | done file n. 181: 03_BN1-129-Eb_comp, 962 frames
2021-02-26 01:50:11 | start file n. 182
2021-02-26 01:50:12 | done file n. 120: 01_SS3-98-C_solo, 1688 frames
2021-02-26 01:50:12 | start file n. 121
2021-02-26 01:50:13 | done file n. 171: 02_SS1-68-E_comp, 1824 frames
2021-02-26 01:50:13 | start file n. 172
2021-02-26 01:50:13 | done file n. 182: 03_BN1-129-Eb_solo, 962 frames
2021-02-26 01:50:13 | start file n. 183
2021-02-26 01:50:14 | done file n. 160: 02_Rock1-90-C#_solo, 1379 frames
2021-02-26 01:50:14 | start file n. 161
2021-02-26 01:50:15 | done file n. 121: 02_BN1-129-Eb_comp, 962 frames
2021-02-26 01:50:15 | start file n. 122
2021-02-26 01:50:15 | done file n. 143: 02_Funk3-98-A_comp, 1688 frames
2021-02-26 01:50:15 | start file n. 144
2021-02-26 01:50:16 | done file n. 183: 03_BN1-147-Gb_comp, 844 frames
2021-02-26 01:50:16 | start file n. 184
2021-02-26 01:50:16 | done file n. 172: 02_SS1-68-E_solo, 1824 frames
2021-02-26 01:50:16 | start file n. 173
2021-02-26 01:50:17 | done file n. 122: 02_BN1-129-Eb_solo, 962 frames
2021-02-26 01:50:17 | start file n. 123
2021-02-26 01:50:17 | done file n. 161: 02_Rock2-142-D_comp, 1165 frames
2021-02-26 01:50:17 | start file n. 162
2021-02-26 01:50:18 | done file n. 184: 03_BN1-147-Gb_solo, 844 frames
2021-02-26 01:50:18 | start file n. 185
2021-02-26 01:50:18 | done file n. 144: 02_Funk3-98-A_solo, 1688 frames
2021-02-26 01:50:18 | start file n. 199
2021-02-26 01:50:19 | done file n. 162: 02_Rock2-142-D_solo, 1165 frames
2021-02-26 01:50:19 | start file n. 217
2021-02-26 01:50:20 | done file n. 123: 02_BN1-147-Gb_comp, 844 frames
2021-02-26 01:50:20 | start file n. 124
2021-02-26 01:50:20 | done file n. 173: 02_SS2-107-Ab_comp, 1546 frames
2021-02-26 01:50:20 | start file n. 174
2021-02-26 01:50:21 | done file n. 185: 03_BN2-131-B_comp, 1263 frames
2021-02-26 01:50:21 | start file n. 186
2021-02-26 01:50:21 | done file n. 124: 02_BN1-147-Gb_solo, 844 frames
2021-02-26 01:50:21 | start file n. 125
2021-02-26 01:50:21 | done file n. 199: 03_Funk2-119-G_comp, 1390 frames
2021-02-26 01:50:21 | start file n. 200
2021-02-26 01:50:22 | done file n. 217: 03_Rock1-130-A_comp, 954 frames
2021-02-26 01:50:22 | start file n. 218
2021-02-26 01:50:23 | done file n. 186: 03_BN2-131-B_solo, 1263 frames
2021-02-26 01:50:23 | start file n. 187
2021-02-26 01:50:23 | done file n. 174: 02_SS2-107-Ab_solo, 1546 frames
2021-02-26 01:50:23 | start file n. 175
2021-02-26 01:50:24 | done file n. 218: 03_Rock1-130-A_solo, 954 frames
2021-02-26 01:50:24 | done file n. 200: 03_Funk2-119-G_solo, 1390 frames
2021-02-26 01:50:24 | start file n. 201
2021-02-26 01:50:24 | start file n. 219
2021-02-26 01:50:25 | done file n. 125: 02_BN2-131-B_comp, 1263 frames
2021-02-26 01:50:25 | start file n. 126
2021-02-26 01:50:25 | done file n. 187: 03_BN2-166-Ab_comp, 997 frames
2021-02-26 01:50:25 | start file n. 188
2021-02-26 01:50:27 | done file n. 201: 03_Funk3-112-C#_comp, 1477 frames
2021-02-26 01:50:27 | start file n. 202
2021-02-26 01:50:27 | done file n. 188: 03_BN2-166-Ab_solo, 997 frames
2021-02-26 01:50:27 | start file n. 189
2021-02-26 01:50:27 | done file n. 219: 03_Rock1-90-C#_comp, 1379 frames
2021-02-26 01:50:27 | start file n. 220
2021-02-26 01:50:28 | done file n. 126: 02_BN2-131-B_solo, 1263 frames
2021-02-26 01:50:28 | start file n. 235
2021-02-26 01:50:28 | done file n. 175: 02_SS2-88-F_comp, 1879 frames
2021-02-26 01:50:28 | start file n. 176
2021-02-26 01:50:29 | done file n. 202: 03_Funk3-112-C#_solo, 1477 frames
2021-02-26 01:50:29 | start file n. 203
2021-02-26 01:50:30 | done file n. 220: 03_Rock1-90-C#_solo, 1379 frames
2021-02-26 01:50:30 | start file n. 221
2021-02-26 01:50:30 | done file n. 189: 03_BN3-119-G_comp, 1390 frames
2021-02-26 01:50:30 | start file n. 190
2021-02-26 01:50:31 | done file n. 176: 02_SS2-88-F_solo, 1879 frames
2021-02-26 01:50:31 | start file n. 177
2021-02-26 01:50:33 | done file n. 190: 03_BN3-119-G_solo, 1390 frames
2021-02-26 01:50:33 | start file n. 191
2021-02-26 01:50:33 | done file n. 203: 03_Funk3-98-A_comp, 1688 frames
2021-02-26 01:50:33 | start file n. 204
2021-02-26 01:50:34 | done file n. 221: 03_Rock2-142-D_comp, 1165 frames
2021-02-26 01:50:34 | start file n. 222
2021-02-26 01:50:35 | done file n. 235: 03_SS2-88-F_comp, 1879 frames
2021-02-26 01:50:35 | start file n. 236
2021-02-26 01:50:35 | done file n. 191: 03_BN3-154-E_comp, 1074 frames
2021-02-26 01:50:35 | start file n. 192
2021-02-26 01:50:36 | done file n. 222: 03_Rock2-142-D_solo, 1165 frames
2021-02-26 01:50:37 | start file n. 223
2021-02-26 01:50:37 | done file n. 204: 03_Funk3-98-A_solo, 1688 frames
2021-02-26 01:50:37 | start file n. 205
2021-02-26 01:50:37 | done file n. 192: 03_BN3-154-E_solo, 1074 frames
2021-02-26 01:50:37 | start file n. 193
2021-02-26 01:50:37 | done file n. 177: 02_SS3-84-Bb_comp, 1969 frames
2021-02-26 01:50:37 | start file n. 178
2021-02-26 01:50:38 | done file n. 236: 03_SS2-88-F_solo, 1879 frames
2021-02-26 01:50:38 | start file n. 237
2021-02-26 01:50:39 | done file n. 205: 03_Jazz1-130-D_comp, 954 frames
2021-02-26 01:50:39 | start file n. 206
2021-02-26 01:50:40 | done file n. 193: 03_Funk1-114-Ab_comp, 1088 frames
2021-02-26 01:50:40 | start file n. 194
2021-02-26 01:50:41 | done file n. 206: 03_Jazz1-130-D_solo, 954 frames
2021-02-26 01:50:41 | start file n. 207
2021-02-26 01:50:41 | done file n. 178: 02_SS3-84-Bb_solo, 1969 frames
2021-02-26 01:50:41 | start file n. 179
2021-02-26 01:50:42 | done file n. 194: 03_Funk1-114-Ab_solo, 1088 frames
2021-02-26 01:50:42 | start file n. 195
2021-02-26 01:50:42 | done file n. 207: 03_Jazz1-200-B_comp, 621 frames
2021-02-26 01:50:42 | start file n. 208
2021-02-26 01:50:42 | done file n. 223: 03_Rock2-85-F_comp, 1946 frames
2021-02-26 01:50:42 | start file n. 224
2021-02-26 01:50:43 | done file n. 208: 03_Jazz1-200-B_solo, 621 frames
2021-02-26 01:50:43 | start file n. 209
2021-02-26 01:50:43 | done file n. 237: 03_SS3-84-Bb_comp, 1969 frames
2021-02-26 01:50:43 | start file n. 238
2021-02-26 01:50:45 | done file n. 195: 03_Funk1-97-C_comp, 1279 frames
2021-02-26 01:50:45 | start file n. 196
2021-02-26 01:50:46 | done file n. 179: 02_SS3-98-C_comp, 1688 frames
2021-02-26 01:50:46 | start file n. 180
2021-02-26 01:50:46 | done file n. 224: 03_Rock2-85-F_solo, 1946 frames
2021-02-26 01:50:46 | start file n. 225
2021-02-26 01:50:47 | done file n. 196: 03_Funk1-97-C_solo, 1279 frames
2021-02-26 01:50:47 | start file n. 197
2021-02-26 01:50:47 | done file n. 209: 03_Jazz2-110-Bb_comp, 1504 frames
2021-02-26 01:50:47 | start file n. 210
2021-02-26 01:50:47 | done file n. 238: 03_SS3-84-Bb_solo, 1969 frames
2021-02-26 01:50:47 | start file n. 239
2021-02-26 01:50:48 | done file n. 180: 02_SS3-98-C_solo, 1688 frames
2021-02-26 01:50:49 | start file n. 253
2021-02-26 01:50:50 | done file n. 225: 03_Rock3-117-Bb_comp, 1414 frames
2021-02-26 01:50:50 | start file n. 226
2021-02-26 01:50:50 | done file n. 210: 03_Jazz2-110-Bb_solo, 1504 frames
2021-02-26 01:50:50 | start file n. 211
2021-02-26 01:50:51 | done file n. 197: 03_Funk2-108-Eb_comp, 1531 frames
2021-02-26 01:50:51 | start file n. 198
2021-02-26 01:50:51 | done file n. 253: 04_Funk1-114-Ab_comp, 1088 frames
2021-02-26 01:50:51 | start file n. 254
2021-02-26 01:50:52 | done file n. 211: 03_Jazz2-187-F#_comp, 885 frames
2021-02-26 01:50:52 | start file n. 212
2021-02-26 01:50:52 | done file n. 226: 03_Rock3-117-Bb_solo, 1414 frames
2021-02-26 01:50:52 | start file n. 227
2021-02-26 01:50:53 | done file n. 254: 04_Funk1-114-Ab_solo, 1088 frames
2021-02-26 01:50:53 | start file n. 255
2021-02-26 01:50:53 | done file n. 239: 03_SS3-98-C_comp, 1688 frames
2021-02-26 01:50:53 | start file n. 240
2021-02-26 01:50:54 | done file n. 198: 03_Funk2-108-Eb_solo, 1531 frames
2021-02-26 01:50:54 | start file n. 271
2021-02-26 01:50:54 | done file n. 212: 03_Jazz2-187-F#_solo, 885 frames
2021-02-26 01:50:54 | start file n. 213
2021-02-26 01:50:55 | done file n. 255: 04_Funk1-97-C_comp, 1279 frames
2021-02-26 01:50:55 | start file n. 256
2021-02-26 01:50:56 | done file n. 271: 04_Jazz2-187-F#_comp, 885 frames
2021-02-26 01:50:56 | start file n. 272
2021-02-26 01:50:56 | done file n. 240: 03_SS3-98-C_solo, 1688 frames
2021-02-26 01:50:56 | start file n. 241
2021-02-26 01:50:56 | done file n. 227: 03_Rock3-148-C_comp, 1118 frames
2021-02-26 01:50:56 | start file n. 228
2021-02-26 01:50:56 | done file n. 213: 03_Jazz3-137-Eb_comp, 1207 frames
2021-02-26 01:50:56 | start file n. 214
2021-02-26 01:50:57 | done file n. 256: 04_Funk1-97-C_solo, 1279 frames
2021-02-26 01:50:57 | start file n. 257
2021-02-26 01:50:57 | done file n. 272: 04_Jazz2-187-F#_solo, 885 frames
2021-02-26 01:50:57 | start file n. 273
2021-02-26 01:50:58 | done file n. 228: 03_Rock3-148-C_solo, 1118 frames
2021-02-26 01:50:59 | start file n. 229
2021-02-26 01:50:59 | done file n. 214: 03_Jazz3-137-Eb_solo, 1207 frames
2021-02-26 01:50:59 | start file n. 215
2021-02-26 01:50:59 | done file n. 241: 04_BN1-129-Eb_comp, 962 frames
2021-02-26 01:50:59 | start file n. 242
2021-02-26 01:51:00 | done file n. 257: 04_Funk2-108-Eb_comp, 1531 frames
2021-02-26 01:51:00 | start file n. 258
2021-02-26 01:51:01 | done file n. 273: 04_Jazz3-137-Eb_comp, 1207 frames
2021-02-26 01:51:01 | start file n. 274
2021-02-26 01:51:01 | done file n. 242: 04_BN1-129-Eb_solo, 962 frames
2021-02-26 01:51:01 | start file n. 243
2021-02-26 01:51:01 | done file n. 215: 03_Jazz3-150-C_comp, 1103 frames
2021-02-26 01:51:01 | start file n. 216
2021-02-26 01:51:02 | done file n. 229: 03_SS1-100-C#_comp, 1241 frames
2021-02-26 01:51:02 | start file n. 230
2021-02-26 01:51:03 | done file n. 274: 04_Jazz3-137-Eb_solo, 1207 frames
2021-02-26 01:51:03 | start file n. 275
2021-02-26 01:51:03 | done file n. 216: 03_Jazz3-150-C_solo, 1103 frames
2021-02-26 01:51:03 | done file n. 243: 04_BN1-147-Gb_comp, 844 frames
2021-02-26 01:51:03 | start file n. 289
2021-02-26 01:51:03 | start file n. 244
2021-02-26 01:51:03 | done file n. 258: 04_Funk2-108-Eb_solo, 1531 frames
2021-02-26 01:51:03 | start file n. 259
2021-02-26 01:51:04 | done file n. 244: 04_BN1-147-Gb_solo, 844 frames
2021-02-26 01:51:04 | start file n. 245
2021-02-26 01:51:05 | done file n. 230: 03_SS1-100-C#_solo, 1241 frames
2021-02-26 01:51:05 | start file n. 231
2021-02-26 01:51:05 | done file n. 275: 04_Jazz3-150-C_comp, 1103 frames
2021-02-26 01:51:05 | start file n. 276
2021-02-26 01:51:06 | done file n. 289: 04_SS1-100-C#_comp, 1241 frames
2021-02-26 01:51:06 | start file n. 290
2021-02-26 01:51:06 | done file n. 259: 04_Funk2-119-G_comp, 1390 frames
2021-02-26 01:51:06 | start file n. 260
2021-02-26 01:51:07 | done file n. 276: 04_Jazz3-150-C_solo, 1103 frames
2021-02-26 01:51:07 | start file n. 277
2021-02-26 01:51:08 | done file n. 245: 04_BN2-131-B_comp, 1263 frames
2021-02-26 01:51:08 | start file n. 246
2021-02-26 01:51:08 | done file n. 290: 04_SS1-100-C#_solo, 1241 frames
2021-02-26 01:51:08 | start file n. 291
2021-02-26 01:51:09 | done file n. 260: 04_Funk2-119-G_solo, 1390 frames
2021-02-26 01:51:09 | start file n. 261
2021-02-26 01:51:09 | done file n. 277: 04_Rock1-130-A_comp, 954 frames
2021-02-26 01:51:09 | start file n. 278
2021-02-26 01:51:10 | done file n. 246: 04_BN2-131-B_solo, 1263 frames
2021-02-26 01:51:10 | start file n. 247
2021-02-26 01:51:10 | done file n. 231: 03_SS1-68-E_comp, 1824 frames
2021-02-26 01:51:11 | start file n. 232
2021-02-26 01:51:11 | done file n. 278: 04_Rock1-130-A_solo, 954 frames
2021-02-26 01:51:11 | start file n. 279
2021-02-26 01:51:12 | done file n. 247: 04_BN2-166-Ab_comp, 997 frames
2021-02-26 01:51:12 | start file n. 248
2021-02-26 01:51:12 | done file n. 261: 04_Funk3-112-C#_comp, 1477 frames
2021-02-26 01:51:12 | start file n. 262
2021-02-26 01:51:14 | done file n. 232: 03_SS1-68-E_solo, 1824 frames
2021-02-26 01:51:14 | start file n. 233
2021-02-26 01:51:14 | done file n. 248: 04_BN2-166-Ab_solo, 997 frames
2021-02-26 01:51:14 | start file n. 249
2021-02-26 01:51:14 | done file n. 279: 04_Rock1-90-C#_comp, 1379 frames
2021-02-26 01:51:15 | start file n. 280
2021-02-26 01:51:15 | done file n. 262: 04_Funk3-112-C#_solo, 1477 frames
2021-02-26 01:51:15 | start file n. 263
2021-02-26 01:51:15 | done file n. 291: 04_SS1-68-E_comp, 1824 frames
2021-02-26 01:51:15 | start file n. 292
2021-02-26 01:51:17 | done file n. 280: 04_Rock1-90-C#_solo, 1379 frames
2021-02-26 01:51:17 | start file n. 281
2021-02-26 01:51:18 | done file n. 249: 04_BN3-119-G_comp, 1390 frames
2021-02-26 01:51:18 | start file n. 250
2021-02-26 01:51:18 | done file n. 233: 03_SS2-107-Ab_comp, 1546 frames
2021-02-26 01:51:18 | start file n. 234
2021-02-26 01:51:19 | done file n. 292: 04_SS1-68-E_solo, 1824 frames
2021-02-26 01:51:19 | start file n. 293
2021-02-26 01:51:19 | done file n. 263: 04_Funk3-98-A_comp, 1688 frames
2021-02-26 01:51:19 | start file n. 264
2021-02-26 01:51:20 | done file n. 250: 04_BN3-119-G_solo, 1390 frames
2021-02-26 01:51:21 | start file n. 251
2021-02-26 01:51:21 | done file n. 234: 03_SS2-107-Ab_solo, 1546 frames
2021-02-26 01:51:21 | start file n. 307
2021-02-26 01:51:21 | done file n. 281: 04_Rock2-142-D_comp, 1165 frames
2021-02-26 01:51:21 | start file n. 282
2021-02-26 01:51:22 | done file n. 264: 04_Funk3-98-A_solo, 1688 frames
2021-02-26 01:51:22 | start file n. 265
2021-02-26 01:51:23 | done file n. 251: 04_BN3-154-E_comp, 1074 frames
2021-02-26 01:51:23 | start file n. 252
2021-02-26 01:51:23 | done file n. 293: 04_SS2-107-Ab_comp, 1546 frames
2021-02-26 01:51:23 | done file n. 282: 04_Rock2-142-D_solo, 1165 frames
2021-02-26 01:51:23 | start file n. 294
2021-02-26 01:51:23 | start file n. 283
2021-02-26 01:51:24 | done file n. 307: 05_BN2-166-Ab_comp, 997 frames
2021-02-26 01:51:24 | start file n. 308
2021-02-26 01:51:25 | done file n. 265: 04_Jazz1-130-D_comp, 954 frames
2021-02-26 01:51:25 | start file n. 266
2021-02-26 01:51:25 | done file n. 252: 04_BN3-154-E_solo, 1074 frames
2021-02-26 01:51:25 | start file n. 325
2021-02-26 01:51:26 | done file n. 308: 05_BN2-166-Ab_solo, 997 frames
2021-02-26 01:51:26 | start file n. 309
2021-02-26 01:51:27 | done file n. 294: 04_SS2-107-Ab_solo, 1546 frames
2021-02-26 01:51:27 | start file n. 295
2021-02-26 01:51:27 | done file n. 266: 04_Jazz1-130-D_solo, 954 frames
2021-02-26 01:51:27 | start file n. 267
2021-02-26 01:51:28 | done file n. 283: 04_Rock2-85-F_comp, 1946 frames
2021-02-26 01:51:28 | start file n. 284
2021-02-26 01:51:28 | done file n. 325: 05_Jazz1-130-D_comp, 954 frames
2021-02-26 01:51:28 | start file n. 326
2021-02-26 01:51:29 | done file n. 267: 04_Jazz1-200-B_comp, 621 frames
2021-02-26 01:51:29 | start file n. 268
2021-02-26 01:51:30 | done file n. 309: 05_BN3-119-G_comp, 1390 frames
2021-02-26 01:51:30 | start file n. 310
2021-02-26 01:51:30 | done file n. 326: 05_Jazz1-130-D_solo, 954 frames
2021-02-26 01:51:30 | start file n. 327
2021-02-26 01:51:30 | done file n. 268: 04_Jazz1-200-B_solo, 621 frames
2021-02-26 01:51:30 | start file n. 269
2021-02-26 01:51:31 | done file n. 284: 04_Rock2-85-F_solo, 1946 frames
2021-02-26 01:51:31 | start file n. 285
2021-02-26 01:51:32 | done file n. 327: 05_Jazz1-200-B_comp, 621 frames
2021-02-26 01:51:32 | start file n. 328
2021-02-26 01:51:32 | done file n. 295: 04_SS2-88-F_comp, 1879 frames
2021-02-26 01:51:32 | start file n. 296
2021-02-26 01:51:33 | done file n. 310: 05_BN3-119-G_solo, 1390 frames
2021-02-26 01:51:33 | start file n. 311
2021-02-26 01:51:33 | done file n. 328: 05_Jazz1-200-B_solo, 621 frames
2021-02-26 01:51:33 | start file n. 329
2021-02-26 01:51:35 | done file n. 269: 04_Jazz2-110-Bb_comp, 1504 frames
2021-02-26 01:51:35 | start file n. 270
2021-02-26 01:51:35 | done file n. 285: 04_Rock3-117-Bb_comp, 1414 frames
2021-02-26 01:51:35 | start file n. 286
2021-02-26 01:51:35 | done file n. 311: 05_BN3-154-E_comp, 1074 frames
2021-02-26 01:51:35 | start file n. 312
2021-02-26 01:51:35 | done file n. 296: 04_SS2-88-F_solo, 1879 frames
2021-02-26 01:51:35 | start file n. 297
2021-02-26 01:51:37 | done file n. 329: 05_Jazz2-110-Bb_comp, 1504 frames
2021-02-26 01:51:37 | start file n. 330
2021-02-26 01:51:37 | done file n. 312: 05_BN3-154-E_solo, 1074 frames
2021-02-26 01:51:37 | start file n. 313
2021-02-26 01:51:37 | done file n. 286: 04_Rock3-117-Bb_solo, 1414 frames
2021-02-26 01:51:37 | start file n. 287
2021-02-26 01:51:37 | done file n. 270: 04_Jazz2-110-Bb_solo, 1504 frames
2021-02-26 01:51:37 | start file n. 343
2021-02-26 01:51:40 | done file n. 313: 05_Funk1-114-Ab_comp, 1088 frames
2021-02-26 01:51:40 | start file n. 314
2021-02-26 01:51:40 | done file n. 330: 05_Jazz2-110-Bb_solo, 1504 frames
2021-02-26 01:51:40 | done file n. 287: 04_Rock3-148-C_comp, 1118 frames
2021-02-26 01:51:40 | start file n. 331
2021-02-26 01:51:40 | start file n. 288
2021-02-26 01:51:41 | done file n. 297: 04_SS3-84-Bb_comp, 1969 frames
2021-02-26 01:51:41 | start file n. 298
2021-02-26 01:51:41 | done file n. 314: 05_Funk1-114-Ab_solo, 1088 frames
2021-02-26 01:51:41 | start file n. 315
2021-02-26 01:51:42 | done file n. 288: 04_Rock3-148-C_solo, 1118 frames
2021-02-26 01:51:42 | done file n. 331: 05_Jazz2-187-F#_comp, 885 frames
2021-02-26 01:51:42 | start file n. 332
2021-02-26 01:51:43 | done file n. 343: 05_Rock2-85-F_comp, 1946 frames
2021-02-26 01:51:43 | start file n. 344
2021-02-26 01:51:44 | done file n. 332: 05_Jazz2-187-F#_solo, 885 frames
2021-02-26 01:51:44 | start file n. 333
2021-02-26 01:51:44 | done file n. 315: 05_Funk1-97-C_comp, 1279 frames
2021-02-26 01:51:44 | start file n. 316
2021-02-26 01:51:44 | done file n. 298: 04_SS3-84-Bb_solo, 1969 frames
2021-02-26 01:51:44 | start file n. 299
2021-02-26 01:51:46 | done file n. 344: 05_Rock2-85-F_solo, 1946 frames
2021-02-26 01:51:46 | start file n. 345
2021-02-26 01:51:46 | done file n. 316: 05_Funk1-97-C_solo, 1279 frames
2021-02-26 01:51:46 | start file n. 317
2021-02-26 01:51:46 | done file n. 333: 05_Jazz3-137-Eb_comp, 1207 frames
2021-02-26 01:51:46 | start file n. 334
2021-02-26 01:51:48 | done file n. 299: 04_SS3-98-C_comp, 1688 frames
2021-02-26 01:51:48 | start file n. 300
2021-02-26 01:51:49 | done file n. 334: 05_Jazz3-137-Eb_solo, 1207 frames
2021-02-26 01:51:49 | start file n. 335
2021-02-26 01:51:49 | done file n. 317: 05_Funk2-108-Eb_comp, 1531 frames
2021-02-26 01:51:49 | start file n. 318
2021-02-26 01:51:50 | done file n. 345: 05_Rock3-117-Bb_comp, 1414 frames
2021-02-26 01:51:50 | start file n. 346
2021-02-26 01:51:51 | done file n. 300: 04_SS3-98-C_solo, 1688 frames
2021-02-26 01:51:51 | start file n. 301
2021-02-26 01:51:51 | done file n. 335: 05_Jazz3-150-C_comp, 1103 frames
2021-02-26 01:51:51 | start file n. 336
2021-02-26 01:51:52 | done file n. 318: 05_Funk2-108-Eb_solo, 1531 frames
2021-02-26 01:51:52 | start file n. 319
2021-02-26 01:51:52 | done file n. 346: 05_Rock3-117-Bb_solo, 1414 frames
2021-02-26 01:51:52 | start file n. 347
2021-02-26 01:51:53 | done file n. 336: 05_Jazz3-150-C_solo, 1103 frames
2021-02-26 01:51:53 | start file n. 337
2021-02-26 01:51:53 | done file n. 301: 05_BN1-129-Eb_comp, 962 frames
2021-02-26 01:51:53 | start file n. 302
2021-02-26 01:51:54 | done file n. 319: 05_Funk2-119-G_comp, 1390 frames
2021-02-26 01:51:54 | start file n. 320
2021-02-26 01:51:54 | done file n. 347: 05_Rock3-148-C_comp, 1118 frames
2021-02-26 01:51:54 | start file n. 348
2021-02-26 01:51:55 | done file n. 302: 05_BN1-129-Eb_solo, 962 frames
2021-02-26 01:51:55 | start file n. 303
2021-02-26 01:51:56 | done file n. 337: 05_Rock1-130-A_comp, 954 frames
2021-02-26 01:51:56 | start file n. 338
2021-02-26 01:51:56 | done file n. 348: 05_Rock3-148-C_solo, 1118 frames
2021-02-26 01:51:56 | start file n. 349
2021-02-26 01:51:56 | done file n. 303: 05_BN1-147-Gb_comp, 844 frames
2021-02-26 01:51:56 | start file n. 304
2021-02-26 01:51:56 | done file n. 320: 05_Funk2-119-G_solo, 1390 frames
2021-02-26 01:51:56 | start file n. 321
2021-02-26 01:51:57 | done file n. 338: 05_Rock1-130-A_solo, 954 frames
2021-02-26 01:51:57 | start file n. 339
2021-02-26 01:51:58 | done file n. 304: 05_BN1-147-Gb_solo, 844 frames
2021-02-26 01:51:58 | start file n. 305
2021-02-26 01:51:59 | done file n. 321: 05_Funk3-112-C#_comp, 1477 frames
2021-02-26 01:51:59 | start file n. 322
2021-02-26 01:51:59 | done file n. 349: 05_SS1-100-C#_comp, 1241 frames
2021-02-26 01:51:59 | start file n. 350
2021-02-26 01:52:01 | done file n. 305: 05_BN2-131-B_comp, 1263 frames
2021-02-26 01:52:01 | start file n. 306
2021-02-26 01:52:01 | done file n. 350: 05_SS1-100-C#_solo, 1241 frames
2021-02-26 01:52:01 | start file n. 351
2021-02-26 01:52:01 | done file n. 339: 05_Rock1-90-C#_comp, 1379 frames
2021-02-26 01:52:01 | start file n. 340
2021-02-26 01:52:02 | done file n. 322: 05_Funk3-112-C#_solo, 1477 frames
2021-02-26 01:52:02 | start file n. 323
2021-02-26 01:52:03 | done file n. 306: 05_BN2-131-B_solo, 1263 frames
2021-02-26 01:52:03 | done file n. 340: 05_Rock1-90-C#_solo, 1379 frames
2021-02-26 01:52:03 | start file n. 341
2021-02-26 01:52:04 | done file n. 323: 05_Funk3-98-A_comp, 1688 frames
2021-02-26 01:52:04 | start file n. 324
2021-02-26 01:52:05 | done file n. 351: 05_SS1-68-E_comp, 1824 frames
2021-02-26 01:52:05 | start file n. 352
2021-02-26 01:52:06 | done file n. 341: 05_Rock2-142-D_comp, 1165 frames
2021-02-26 01:52:06 | start file n. 342
2021-02-26 01:52:07 | done file n. 324: 05_Funk3-98-A_solo, 1688 frames
2021-02-26 01:52:07 | done file n. 352: 05_SS1-68-E_solo, 1824 frames
2021-02-26 01:52:07 | start file n. 353
2021-02-26 01:52:08 | done file n. 342: 05_Rock2-142-D_solo, 1165 frames
2021-02-26 01:52:10 | done file n. 353: 05_SS2-107-Ab_comp, 1546 frames
2021-02-26 01:52:10 | start file n. 354
2021-02-26 01:52:12 | done file n. 354: 05_SS2-107-Ab_solo, 1546 frames
2021-02-26 01:52:12 | start file n. 355
2021-02-26 01:52:16 | done file n. 355: 05_SS2-88-F_comp, 1879 frames
2021-02-26 01:52:16 | start file n. 356
2021-02-26 01:52:18 | done file n. 356: 05_SS2-88-F_solo, 1879 frames
2021-02-26 01:52:18 | start file n. 357
2021-02-26 01:52:21 | done file n. 357: 05_SS3-84-Bb_comp, 1969 frames
2021-02-26 01:52:21 | start file n. 358
2021-02-26 01:52:24 | done file n. 358: 05_SS3-84-Bb_solo, 1969 frames
2021-02-26 01:52:24 | start file n. 359
2021-02-26 01:52:28 | done file n. 359: 05_SS3-98-C_comp, 1688 frames
2021-02-26 01:52:28 | start file n. 360
2021-02-26 01:52:30 | done file n. 360: 05_SS3-98-C_solo, 1688 frames
