\BOOKMARK [0][-]{chapter*.2}{Introduzione}{}% 1
\BOOKMARK [0][-]{chapter.1}{Chitarra}{}% 2
\BOOKMARK [1][-]{subsection.1.0.1}{Corde}{chapter.1}% 3
\BOOKMARK [2][-]{subsection.1.0.2}{Tasti}{subsection.1.0.1}% 4
\BOOKMARK [2][-]{subsection.1.0.3}{Tab}{subsection.1.0.1}% 5
\BOOKMARK [0][-]{chapter.2}{Trasformata a Q Costante}{}% 6
\BOOKMARK [0][-]{chapter.3}{Architettura e addestramento del modello}{}% 7
\BOOKMARK [1][-]{section.3.1}{Set dati GuitarSet}{chapter.3}% 8
\BOOKMARK [2][-]{subsection.3.1.1}{Compressione con NumPy}{section.3.1}% 9
\BOOKMARK [2][-]{subsection.3.1.2}{Trasformata a Q Costante in Librosa}{section.3.1}% 10
\BOOKMARK [2][-]{subsection.3.1.3}{Pre-elaborare i dati}{section.3.1}% 11
\BOOKMARK [1][-]{section.3.2}{Modello della rete}{chapter.3}% 12
\BOOKMARK [2][-]{subsection.3.2.1}{Uso di Keras}{section.3.2}% 13
\BOOKMARK [2][-]{subsection.3.2.2}{Compilazione del modello}{section.3.2}% 14
\BOOKMARK [2][-]{subsection.3.2.3}{Addestramento del modello}{section.3.2}% 15
\BOOKMARK [1][-]{section.3.3}{Accuratezza del modello}{chapter.3}% 16
\BOOKMARK [0][-]{chapter.4}{Implementazione su dispositivo Embedded}{}% 17
\BOOKMARK [1][-]{section.4.1}{Sviluppo applicazione iOS}{chapter.4}% 18
\BOOKMARK [2][-]{subsection.4.1.1}{Conversione del modello da Keras a CoreML}{section.4.1}% 19
\BOOKMARK [2][-]{subsection.4.1.2}{Conversione del modello da Keras a Tensorflow Lite}{section.4.1}% 20
\BOOKMARK [2][-]{subsection.4.1.3}{Sviluppo applicazione con Swift 5 e Xcode 12}{section.4.1}% 21
\BOOKMARK [2][-]{subsection.4.1.4}{Uso di TensorFlow Lite su iOS}{section.4.1}% 22
\BOOKMARK [2][-]{subsection.4.1.5}{Uso di un server per l'uso della libreria Librosa}{section.4.1}% 23
\BOOKMARK [1][-]{section.4.2}{Sviluppo applicazione Android}{chapter.4}% 24
\BOOKMARK [2][-]{subsection.4.2.1}{Conversione del modello da Keras a Tensorflow Lite}{section.4.2}% 25
\BOOKMARK [2][-]{subsection.4.2.2}{Sviluppo applicazione con Java 1.8 e Android Studio 4.1.2}{section.4.2}% 26
\BOOKMARK [0][-]{chapter.5}{Conclusioni}{}% 27
